{"C:\\code\\transcript-parser\\src\\App.tsx": {"path":"C:\\code\\transcript-parser\\src\\App.tsx","statementMap":{"0":{"start":{"line":34,"column":44},"end":{"line":36,"column":null}},"1":{"start":{"line":37,"column":30},"end":{"line":37,"column":null}},"2":{"start":{"line":38,"column":30},"end":{"line":38,"column":null}},"3":{"start":{"line":39,"column":36},"end":{"line":39,"column":null}},"4":{"start":{"line":40,"column":44},"end":{"line":40,"column":null}},"5":{"start":{"line":41,"column":44},"end":{"line":41,"column":null}},"6":{"start":{"line":42,"column":32},"end":{"line":44,"column":null}},"7":{"start":{"line":45,"column":56},"end":{"line":45,"column":null}},"8":{"start":{"line":48,"column":32},"end":{"line":48,"column":null}},"9":{"start":{"line":49,"column":40},"end":{"line":49,"column":null}},"10":{"start":{"line":50,"column":36},"end":{"line":50,"column":null}},"11":{"start":{"line":53,"column":42},"end":{"line":55,"column":null}},"12":{"start":{"line":58,"column":48},"end":{"line":58,"column":null}},"13":{"start":{"line":59,"column":42},"end":{"line":59,"column":null}},"14":{"start":{"line":62,"column":2},"end":{"line":70,"column":null}},"15":{"start":{"line":63,"column":4},"end":{"line":69,"column":null}},"16":{"start":{"line":64,"column":18},"end":{"line":64,"column":null}},"17":{"start":{"line":65,"column":6},"end":{"line":65,"column":null}},"18":{"start":{"line":66,"column":6},"end":{"line":66,"column":null}},"19":{"start":{"line":66,"column":19},"end":{"line":66,"column":null}},"20":{"start":{"line":68,"column":6},"end":{"line":68,"column":null}},"21":{"start":{"line":80,"column":2},"end":{"line":80,"column":null}},"22":{"start":{"line":83,"column":27},"end":{"line":107,"column":null}},"23":{"start":{"line":84,"column":24},"end":{"line":84,"column":null}},"24":{"start":{"line":85,"column":4},"end":{"line":106,"column":null}},"25":{"start":{"line":87,"column":6},"end":{"line":95,"column":null}},"26":{"start":{"line":97,"column":6},"end":{"line":105,"column":null}},"27":{"start":{"line":110,"column":2},"end":{"line":122,"column":null}},"28":{"start":{"line":111,"column":4},"end":{"line":120,"column":null}},"29":{"start":{"line":112,"column":26},"end":{"line":112,"column":null}},"30":{"start":{"line":113,"column":6},"end":{"line":119,"column":null}},"31":{"start":{"line":115,"column":30},"end":{"line":115,"column":null}},"32":{"start":{"line":116,"column":8},"end":{"line":118,"column":null}},"33":{"start":{"line":117,"column":10},"end":{"line":117,"column":null}},"34":{"start":{"line":124,"column":28},"end":{"line":145,"column":null}},"35":{"start":{"line":125,"column":4},"end":{"line":125,"column":null}},"36":{"start":{"line":128,"column":10},"end":{"line":128,"column":null}},"37":{"start":{"line":129,"column":4},"end":{"line":132,"column":null}},"38":{"start":{"line":130,"column":6},"end":{"line":130,"column":null}},"39":{"start":{"line":131,"column":6},"end":{"line":131,"column":null}},"40":{"start":{"line":134,"column":4},"end":{"line":144,"column":null}},"41":{"start":{"line":136,"column":23},"end":{"line":136,"column":null}},"42":{"start":{"line":137,"column":6},"end":{"line":137,"column":null}},"43":{"start":{"line":138,"column":6},"end":{"line":138,"column":null}},"44":{"start":{"line":141,"column":6},"end":{"line":141,"column":null}},"45":{"start":{"line":143,"column":6},"end":{"line":143,"column":null}},"46":{"start":{"line":147,"column":28},"end":{"line":152,"column":null}},"47":{"start":{"line":148,"column":4},"end":{"line":148,"column":null}},"48":{"start":{"line":149,"column":4},"end":{"line":149,"column":null}},"49":{"start":{"line":150,"column":4},"end":{"line":150,"column":null}},"50":{"start":{"line":151,"column":4},"end":{"line":151,"column":null}},"51":{"start":{"line":154,"column":22},"end":{"line":157,"column":null}},"52":{"start":{"line":155,"column":4},"end":{"line":155,"column":null}},"53":{"start":{"line":156,"column":4},"end":{"line":156,"column":null}},"54":{"start":{"line":159,"column":29},"end":{"line":163,"column":null}},"55":{"start":{"line":160,"column":4},"end":{"line":160,"column":null}},"56":{"start":{"line":162,"column":4},"end":{"line":162,"column":null}},"57":{"start":{"line":165,"column":28},"end":{"line":171,"column":null}},"58":{"start":{"line":166,"column":4},"end":{"line":166,"column":null}},"59":{"start":{"line":167,"column":4},"end":{"line":167,"column":null}},"60":{"start":{"line":170,"column":4},"end":{"line":170,"column":null}},"61":{"start":{"line":173,"column":23},"end":{"line":177,"column":null}},"62":{"start":{"line":174,"column":4},"end":{"line":174,"column":null}},"63":{"start":{"line":175,"column":4},"end":{"line":175,"column":null}},"64":{"start":{"line":176,"column":4},"end":{"line":176,"column":null}},"65":{"start":{"line":179,"column":25},"end":{"line":181,"column":null}},"66":{"start":{"line":180,"column":4},"end":{"line":180,"column":null}},"67":{"start":{"line":183,"column":31},"end":{"line":193,"column":null}},"68":{"start":{"line":185,"column":4},"end":{"line":185,"column":null}},"69":{"start":{"line":187,"column":4},"end":{"line":187,"column":null}},"70":{"start":{"line":188,"column":4},"end":{"line":188,"column":null}},"71":{"start":{"line":189,"column":4},"end":{"line":192,"column":null}},"72":{"start":{"line":196,"column":2},"end":{"line":221,"column":null}},"73":{"start":{"line":197,"column":4},"end":{"line":219,"column":null}},"74":{"start":{"line":208,"column":27},"end":{"line":208,"column":null}},"75":{"start":{"line":224,"column":2},"end":{"line":246,"column":null}},"76":{"start":{"line":225,"column":4},"end":{"line":244,"column":null}},"77":{"start":{"line":237,"column":27},"end":{"line":237,"column":null}},"78":{"start":{"line":248,"column":2},"end":{"line":405,"column":null}},"79":{"start":{"line":284,"column":29},"end":{"line":284,"column":null}},"80":{"start":{"line":294,"column":37},"end":{"line":294,"column":56}},"81":{"start":{"line":299,"column":57},"end":{"line":299,"column":79}},"82":{"start":{"line":304,"column":33},"end":{"line":304,"column":null}},"83":{"start":{"line":326,"column":35},"end":{"line":326,"column":null}},"84":{"start":{"line":346,"column":40},"end":{"line":346,"column":67}},"85":{"start":{"line":356,"column":27},"end":{"line":356,"column":null}},"86":{"start":{"line":373,"column":27},"end":{"line":373,"column":null}},"87":{"start":{"line":383,"column":25},"end":{"line":383,"column":null}},"88":{"start":{"line":385,"column":12},"end":{"line":385,"column":null}},"89":{"start":{"line":387,"column":12},"end":{"line":387,"column":null}},"90":{"start":{"line":400,"column":33},"end":{"line":400,"column":null}},"91":{"start":{"line":401,"column":31},"end":{"line":401,"column":null}}},"fnMap":{"0":{"name":"App","decl":{"start":{"line":32,"column":9},"end":{"line":32,"column":15}},"loc":{"start":{"line":32,"column":15},"end":{"line":407,"column":null}},"line":32},"1":{"name":"(anonymous_1)","decl":{"start":{"line":62,"column":12},"end":{"line":62,"column":18}},"loc":{"start":{"line":62,"column":18},"end":{"line":70,"column":5}},"line":62},"2":{"name":"(anonymous_2)","decl":{"start":{"line":66,"column":13},"end":{"line":66,"column":19}},"loc":{"start":{"line":66,"column":19},"end":{"line":66,"column":null}},"line":66},"3":{"name":"(anonymous_3)","decl":{"start":{"line":83,"column":27},"end":{"line":83,"column":33}},"loc":{"start":{"line":83,"column":33},"end":{"line":107,"column":null}},"line":83},"4":{"name":"(anonymous_4)","decl":{"start":{"line":110,"column":12},"end":{"line":110,"column":18}},"loc":{"start":{"line":110,"column":18},"end":{"line":122,"column":5}},"line":110},"5":{"name":"(anonymous_5)","decl":{"start":{"line":124,"column":28},"end":{"line":124,"column":35}},"loc":{"start":{"line":124,"column":50},"end":{"line":145,"column":null}},"line":124},"6":{"name":"(anonymous_6)","decl":{"start":{"line":147,"column":28},"end":{"line":147,"column":34}},"loc":{"start":{"line":147,"column":34},"end":{"line":152,"column":null}},"line":147},"7":{"name":"(anonymous_7)","decl":{"start":{"line":154,"column":22},"end":{"line":154,"column":28}},"loc":{"start":{"line":154,"column":28},"end":{"line":157,"column":null}},"line":154},"8":{"name":"(anonymous_8)","decl":{"start":{"line":159,"column":29},"end":{"line":159,"column":35}},"loc":{"start":{"line":159,"column":35},"end":{"line":163,"column":null}},"line":159},"9":{"name":"(anonymous_9)","decl":{"start":{"line":165,"column":28},"end":{"line":165,"column":34}},"loc":{"start":{"line":165,"column":34},"end":{"line":171,"column":null}},"line":165},"10":{"name":"(anonymous_10)","decl":{"start":{"line":173,"column":23},"end":{"line":173,"column":29}},"loc":{"start":{"line":173,"column":29},"end":{"line":177,"column":null}},"line":173},"11":{"name":"(anonymous_11)","decl":{"start":{"line":179,"column":25},"end":{"line":179,"column":31}},"loc":{"start":{"line":179,"column":31},"end":{"line":181,"column":null}},"line":179},"12":{"name":"(anonymous_12)","decl":{"start":{"line":183,"column":31},"end":{"line":183,"column":32}},"loc":{"start":{"line":183,"column":69},"end":{"line":193,"column":null}},"line":183},"13":{"name":"(anonymous_13)","decl":{"start":{"line":208,"column":21},"end":{"line":208,"column":27}},"loc":{"start":{"line":208,"column":27},"end":{"line":208,"column":null}},"line":208},"14":{"name":"(anonymous_14)","decl":{"start":{"line":237,"column":21},"end":{"line":237,"column":27}},"loc":{"start":{"line":237,"column":27},"end":{"line":237,"column":null}},"line":237},"15":{"name":"(anonymous_15)","decl":{"start":{"line":284,"column":23},"end":{"line":284,"column":29}},"loc":{"start":{"line":284,"column":29},"end":{"line":284,"column":null}},"line":284},"16":{"name":"(anonymous_16)","decl":{"start":{"line":294,"column":31},"end":{"line":294,"column":37}},"loc":{"start":{"line":294,"column":37},"end":{"line":294,"column":56}},"line":294},"17":{"name":"(anonymous_17)","decl":{"start":{"line":299,"column":51},"end":{"line":299,"column":57}},"loc":{"start":{"line":299,"column":57},"end":{"line":299,"column":79}},"line":299},"18":{"name":"(anonymous_18)","decl":{"start":{"line":304,"column":27},"end":{"line":304,"column":33}},"loc":{"start":{"line":304,"column":33},"end":{"line":304,"column":null}},"line":304},"19":{"name":"(anonymous_19)","decl":{"start":{"line":326,"column":29},"end":{"line":326,"column":35}},"loc":{"start":{"line":326,"column":35},"end":{"line":326,"column":null}},"line":326},"20":{"name":"(anonymous_20)","decl":{"start":{"line":346,"column":34},"end":{"line":346,"column":40}},"loc":{"start":{"line":346,"column":40},"end":{"line":346,"column":67}},"line":346},"21":{"name":"(anonymous_21)","decl":{"start":{"line":356,"column":21},"end":{"line":356,"column":27}},"loc":{"start":{"line":356,"column":27},"end":{"line":356,"column":null}},"line":356},"22":{"name":"(anonymous_22)","decl":{"start":{"line":373,"column":21},"end":{"line":373,"column":27}},"loc":{"start":{"line":373,"column":27},"end":{"line":373,"column":null}},"line":373},"23":{"name":"(anonymous_23)","decl":{"start":{"line":383,"column":19},"end":{"line":383,"column":25}},"loc":{"start":{"line":383,"column":25},"end":{"line":383,"column":null}},"line":383},"24":{"name":"(anonymous_24)","decl":{"start":{"line":384,"column":18},"end":{"line":384,"column":28}},"loc":{"start":{"line":384,"column":28},"end":{"line":388,"column":null}},"line":384},"25":{"name":"(anonymous_25)","decl":{"start":{"line":400,"column":27},"end":{"line":400,"column":33}},"loc":{"start":{"line":400,"column":33},"end":{"line":400,"column":null}},"line":400},"26":{"name":"(anonymous_26)","decl":{"start":{"line":401,"column":25},"end":{"line":401,"column":31}},"loc":{"start":{"line":401,"column":31},"end":{"line":401,"column":null}},"line":401}},"branchMap":{"0":{"loc":{"start":{"line":63,"column":4},"end":{"line":69,"column":null}},"type":"if","locations":[{"start":{"line":63,"column":4},"end":{"line":69,"column":null}},{"start":{"line":67,"column":11},"end":{"line":69,"column":null}}],"line":63},"1":{"loc":{"start":{"line":85,"column":4},"end":{"line":106,"column":null}},"type":"if","locations":[{"start":{"line":85,"column":4},"end":{"line":106,"column":null}},{"start":{},"end":{}}],"line":85},"2":{"loc":{"start":{"line":85,"column":8},"end":{"line":85,"column":65}},"type":"binary-expr","locations":[{"start":{"line":85,"column":8},"end":{"line":85,"column":23}},{"start":{"line":85,"column":23},"end":{"line":85,"column":65}}],"line":85},"3":{"loc":{"start":{"line":88,"column":16},"end":{"line":88,"column":null}},"type":"binary-expr","locations":[{"start":{"line":88,"column":16},"end":{"line":88,"column":34}},{"start":{"line":88,"column":34},"end":{"line":88,"column":null}}],"line":88},"4":{"loc":{"start":{"line":98,"column":16},"end":{"line":98,"column":null}},"type":"binary-expr","locations":[{"start":{"line":98,"column":16},"end":{"line":98,"column":34}},{"start":{"line":98,"column":34},"end":{"line":98,"column":null}}],"line":98},"5":{"loc":{"start":{"line":111,"column":4},"end":{"line":120,"column":null}},"type":"if","locations":[{"start":{"line":111,"column":4},"end":{"line":120,"column":null}},{"start":{},"end":{}}],"line":111},"6":{"loc":{"start":{"line":113,"column":6},"end":{"line":119,"column":null}},"type":"if","locations":[{"start":{"line":113,"column":6},"end":{"line":119,"column":null}},{"start":{},"end":{}}],"line":113},"7":{"loc":{"start":{"line":113,"column":10},"end":{"line":113,"column":67}},"type":"binary-expr","locations":[{"start":{"line":113,"column":10},"end":{"line":113,"column":25}},{"start":{"line":113,"column":25},"end":{"line":113,"column":67}}],"line":113},"8":{"loc":{"start":{"line":115,"column":56},"end":{"line":115,"column":75}},"type":"binary-expr","locations":[{"start":{"line":115,"column":56},"end":{"line":115,"column":74}},{"start":{"line":115,"column":74},"end":{"line":115,"column":75}}],"line":115},"9":{"loc":{"start":{"line":116,"column":8},"end":{"line":118,"column":null}},"type":"if","locations":[{"start":{"line":116,"column":8},"end":{"line":118,"column":null}},{"start":{},"end":{}}],"line":116},"10":{"loc":{"start":{"line":129,"column":4},"end":{"line":132,"column":null}},"type":"if","locations":[{"start":{"line":129,"column":4},"end":{"line":132,"column":null}},{"start":{},"end":{}}],"line":129},"11":{"loc":{"start":{"line":180,"column":16},"end":{"line":180,"column":59}},"type":"cond-expr","locations":[{"start":{"line":180,"column":39},"end":{"line":180,"column":52}},{"start":{"line":180,"column":52},"end":{"line":180,"column":59}}],"line":180},"12":{"loc":{"start":{"line":196,"column":2},"end":{"line":221,"column":null}},"type":"if","locations":[{"start":{"line":196,"column":2},"end":{"line":221,"column":null}},{"start":{},"end":{}}],"line":196},"13":{"loc":{"start":{"line":213,"column":11},"end":{"line":216,"column":null}},"type":"cond-expr","locations":[{"start":{"line":214,"column":12},"end":{"line":214,"column":null}},{"start":{"line":216,"column":12},"end":{"line":216,"column":null}}],"line":213},"14":{"loc":{"start":{"line":224,"column":2},"end":{"line":246,"column":null}},"type":"if","locations":[{"start":{"line":224,"column":2},"end":{"line":246,"column":null}},{"start":{},"end":{}}],"line":224},"15":{"loc":{"start":{"line":270,"column":13},"end":{"line":278,"column":null}},"type":"binary-expr","locations":[{"start":{"line":270,"column":13},"end":{"line":270,"column":null}},{"start":{"line":271,"column":14},"end":{"line":278,"column":null}}],"line":270},"16":{"loc":{"start":{"line":286,"column":16},"end":{"line":288,"column":null}},"type":"cond-expr","locations":[{"start":{"line":287,"column":20},"end":{"line":287,"column":null}},{"start":{"line":288,"column":20},"end":{"line":288,"column":null}}],"line":286},"17":{"loc":{"start":{"line":291,"column":15},"end":{"line":291,"column":null}},"type":"cond-expr","locations":[{"start":{"line":291,"column":27},"end":{"line":291,"column":49}},{"start":{"line":291,"column":49},"end":{"line":291,"column":null}}],"line":291},"18":{"loc":{"start":{"line":293,"column":13},"end":{"line":311,"column":null}},"type":"cond-expr","locations":[{"start":{"line":294,"column":14},"end":{"line":296,"column":null}},{"start":{"line":298,"column":14},"end":{"line":311,"column":null}}],"line":293},"19":{"loc":{"start":{"line":319,"column":13},"end":{"line":327,"column":null}},"type":"cond-expr","locations":[{"start":{"line":320,"column":14},"end":{"line":320,"column":null}},{"start":{"line":322,"column":14},"end":{"line":327,"column":null}}],"line":319},"20":{"loc":{"start":{"line":329,"column":13},"end":{"line":335,"column":null}},"type":"binary-expr","locations":[{"start":{"line":329,"column":13},"end":{"line":329,"column":null}},{"start":{"line":330,"column":14},"end":{"line":335,"column":null}}],"line":329},"21":{"loc":{"start":{"line":344,"column":26},"end":{"line":344,"column":null}},"type":"binary-expr","locations":[{"start":{"line":344,"column":26},"end":{"line":344,"column":44}},{"start":{"line":344,"column":44},"end":{"line":344,"column":null}}],"line":344},"22":{"loc":{"start":{"line":346,"column":16},"end":{"line":346,"column":null}},"type":"cond-expr","locations":[{"start":{"line":346,"column":34},"end":{"line":346,"column":67}},{"start":{"line":346,"column":67},"end":{"line":346,"column":null}}],"line":346},"23":{"loc":{"start":{"line":353,"column":9},"end":{"line":366,"column":null}},"type":"binary-expr","locations":[{"start":{"line":353,"column":9},"end":{"line":353,"column":null}},{"start":{"line":354,"column":10},"end":{"line":366,"column":null}}],"line":353},"24":{"loc":{"start":{"line":358,"column":14},"end":{"line":358,"column":null}},"type":"binary-expr","locations":[{"start":{"line":358,"column":14},"end":{"line":358,"column":48}},{"start":{"line":358,"column":48},"end":{"line":358,"column":null}}],"line":358},"25":{"loc":{"start":{"line":361,"column":14},"end":{"line":361,"column":null}},"type":"binary-expr","locations":[{"start":{"line":361,"column":14},"end":{"line":361,"column":48}},{"start":{"line":361,"column":48},"end":{"line":361,"column":null}}],"line":361},"26":{"loc":{"start":{"line":364,"column":14},"end":{"line":364,"column":null}},"type":"binary-expr","locations":[{"start":{"line":364,"column":14},"end":{"line":364,"column":48}},{"start":{"line":364,"column":48},"end":{"line":364,"column":null}}],"line":364},"27":{"loc":{"start":{"line":370,"column":9},"end":{"line":377,"column":null}},"type":"binary-expr","locations":[{"start":{"line":370,"column":9},"end":{"line":370,"column":22}},{"start":{"line":370,"column":22},"end":{"line":370,"column":null}},{"start":{"line":371,"column":10},"end":{"line":377,"column":null}}],"line":370},"28":{"loc":{"start":{"line":389,"column":25},"end":{"line":389,"column":null}},"type":"binary-expr","locations":[{"start":{"line":389,"column":25},"end":{"line":389,"column":38}},{"start":{"line":389,"column":38},"end":{"line":389,"column":null}}],"line":389},"29":{"loc":{"start":{"line":393,"column":9},"end":{"line":402,"column":null}},"type":"binary-expr","locations":[{"start":{"line":393,"column":9},"end":{"line":393,"column":null}},{"start":{"line":393,"column":29},"end":{"line":397,"column":null}},{"start":{"line":398,"column":12},"end":{"line":402,"column":null}}],"line":393},"30":{"loc":{"start":{"line":399,"column":23},"end":{"line":399,"column":null}},"type":"binary-expr","locations":[{"start":{"line":399,"column":23},"end":{"line":399,"column":48}},{"start":{"line":399,"column":48},"end":{"line":399,"column":null}}],"line":399}},"s":{"0":0,"1":0,"2":0,"3":0,"4":0,"5":0,"6":0,"7":0,"8":0,"9":0,"10":0,"11":0,"12":0,"13":0,"14":0,"15":0,"16":0,"17":0,"18":0,"19":0,"20":0,"21":0,"22":0,"23":0,"24":0,"25":0,"26":0,"27":0,"28":0,"29":0,"30":0,"31":0,"32":0,"33":0,"34":0,"35":0,"36":0,"37":0,"38":0,"39":0,"40":0,"41":0,"42":0,"43":0,"44":0,"45":0,"46":0,"47":0,"48":0,"49":0,"50":0,"51":0,"52":0,"53":0,"54":0,"55":0,"56":0,"57":0,"58":0,"59":0,"60":0,"61":0,"62":0,"63":0,"64":0,"65":0,"66":0,"67":0,"68":0,"69":0,"70":0,"71":0,"72":0,"73":0,"74":0,"75":0,"76":0,"77":0,"78":0,"79":0,"80":0,"81":0,"82":0,"83":0,"84":0,"85":0,"86":0,"87":0,"88":0,"89":0,"90":0,"91":0},"f":{"0":0,"1":0,"2":0,"3":0,"4":0,"5":0,"6":0,"7":0,"8":0,"9":0,"10":0,"11":0,"12":0,"13":0,"14":0,"15":0,"16":0,"17":0,"18":0,"19":0,"20":0,"21":0,"22":0,"23":0,"24":0,"25":0,"26":0},"b":{"0":[0,0],"1":[0,0],"2":[0,0],"3":[0,0],"4":[0,0],"5":[0,0],"6":[0,0],"7":[0,0],"8":[0,0],"9":[0,0],"10":[0,0],"11":[0,0],"12":[0,0],"13":[0,0],"14":[0,0],"15":[0,0],"16":[0,0],"17":[0,0],"18":[0,0],"19":[0,0],"20":[0,0],"21":[0,0],"22":[0,0],"23":[0,0],"24":[0,0],"25":[0,0],"26":[0,0],"27":[0,0,0],"28":[0,0],"29":[0,0,0],"30":[0,0]},"meta":{"lastBranch":31,"lastFunction":27,"lastStatement":92,"seen":{"f:32:9:32:15":0,"s:34:44:36:Infinity":0,"s:37:30:37:Infinity":1,"s:38:30:38:Infinity":2,"s:39:36:39:Infinity":3,"s:40:44:40:Infinity":4,"s:41:44:41:Infinity":5,"s:42:32:44:Infinity":6,"s:45:56:45:Infinity":7,"s:48:32:48:Infinity":8,"s:49:40:49:Infinity":9,"s:50:36:50:Infinity":10,"s:53:42:55:Infinity":11,"s:58:48:58:Infinity":12,"s:59:42:59:Infinity":13,"s:62:2:70:Infinity":14,"f:62:12:62:18":1,"b:63:4:69:Infinity:67:11:69:Infinity":0,"s:63:4:69:Infinity":15,"s:64:18:64:Infinity":16,"s:65:6:65:Infinity":17,"s:66:6:66:Infinity":18,"f:66:13:66:19":2,"s:66:19:66:Infinity":19,"s:68:6:68:Infinity":20,"s:80:2:80:Infinity":21,"s:83:27:107:Infinity":22,"f:83:27:83:33":3,"s:84:24:84:Infinity":23,"b:85:4:106:Infinity:undefined:undefined:undefined:undefined":1,"s:85:4:106:Infinity":24,"b:85:8:85:23:85:23:85:65":2,"s:87:6:95:Infinity":25,"b:88:16:88:34:88:34:88:Infinity":3,"s:97:6:105:Infinity":26,"b:98:16:98:34:98:34:98:Infinity":4,"s:110:2:122:Infinity":27,"f:110:12:110:18":4,"b:111:4:120:Infinity:undefined:undefined:undefined:undefined":5,"s:111:4:120:Infinity":28,"s:112:26:112:Infinity":29,"b:113:6:119:Infinity:undefined:undefined:undefined:undefined":6,"s:113:6:119:Infinity":30,"b:113:10:113:25:113:25:113:67":7,"s:115:30:115:Infinity":31,"b:115:56:115:74:115:74:115:75":8,"b:116:8:118:Infinity:undefined:undefined:undefined:undefined":9,"s:116:8:118:Infinity":32,"s:117:10:117:Infinity":33,"s:124:28:145:Infinity":34,"f:124:28:124:35":5,"s:125:4:125:Infinity":35,"s:128:10:128:Infinity":36,"b:129:4:132:Infinity:undefined:undefined:undefined:undefined":10,"s:129:4:132:Infinity":37,"s:130:6:130:Infinity":38,"s:131:6:131:Infinity":39,"s:134:4:144:Infinity":40,"s:136:23:136:Infinity":41,"s:137:6:137:Infinity":42,"s:138:6:138:Infinity":43,"s:141:6:141:Infinity":44,"s:143:6:143:Infinity":45,"s:147:28:152:Infinity":46,"f:147:28:147:34":6,"s:148:4:148:Infinity":47,"s:149:4:149:Infinity":48,"s:150:4:150:Infinity":49,"s:151:4:151:Infinity":50,"s:154:22:157:Infinity":51,"f:154:22:154:28":7,"s:155:4:155:Infinity":52,"s:156:4:156:Infinity":53,"s:159:29:163:Infinity":54,"f:159:29:159:35":8,"s:160:4:160:Infinity":55,"s:162:4:162:Infinity":56,"s:165:28:171:Infinity":57,"f:165:28:165:34":9,"s:166:4:166:Infinity":58,"s:167:4:167:Infinity":59,"s:170:4:170:Infinity":60,"s:173:23:177:Infinity":61,"f:173:23:173:29":10,"s:174:4:174:Infinity":62,"s:175:4:175:Infinity":63,"s:176:4:176:Infinity":64,"s:179:25:181:Infinity":65,"f:179:25:179:31":11,"s:180:4:180:Infinity":66,"b:180:39:180:52:180:52:180:59":11,"s:183:31:193:Infinity":67,"f:183:31:183:32":12,"s:185:4:185:Infinity":68,"s:187:4:187:Infinity":69,"s:188:4:188:Infinity":70,"s:189:4:192:Infinity":71,"b:196:2:221:Infinity:undefined:undefined:undefined:undefined":12,"s:196:2:221:Infinity":72,"s:197:4:219:Infinity":73,"f:208:21:208:27":13,"s:208:27:208:Infinity":74,"b:214:12:214:Infinity:216:12:216:Infinity":13,"b:224:2:246:Infinity:undefined:undefined:undefined:undefined":14,"s:224:2:246:Infinity":75,"s:225:4:244:Infinity":76,"f:237:21:237:27":14,"s:237:27:237:Infinity":77,"s:248:2:405:Infinity":78,"b:270:13:270:Infinity:271:14:278:Infinity":15,"f:284:23:284:29":15,"s:284:29:284:Infinity":79,"b:287:20:287:Infinity:288:20:288:Infinity":16,"b:291:27:291:49:291:49:291:Infinity":17,"b:294:14:296:Infinity:298:14:311:Infinity":18,"f:294:31:294:37":16,"s:294:37:294:56":80,"f:299:51:299:57":17,"s:299:57:299:79":81,"f:304:27:304:33":18,"s:304:33:304:Infinity":82,"b:320:14:320:Infinity:322:14:327:Infinity":19,"f:326:29:326:35":19,"s:326:35:326:Infinity":83,"b:329:13:329:Infinity:330:14:335:Infinity":20,"b:344:26:344:44:344:44:344:Infinity":21,"b:346:34:346:67:346:67:346:Infinity":22,"f:346:34:346:40":20,"s:346:40:346:67":84,"b:353:9:353:Infinity:354:10:366:Infinity":23,"f:356:21:356:27":21,"s:356:27:356:Infinity":85,"b:358:14:358:48:358:48:358:Infinity":24,"b:361:14:361:48:361:48:361:Infinity":25,"b:364:14:364:48:364:48:364:Infinity":26,"b:370:9:370:22:370:22:370:Infinity:371:10:377:Infinity":27,"f:373:21:373:27":22,"s:373:27:373:Infinity":86,"f:383:19:383:25":23,"s:383:25:383:Infinity":87,"f:384:18:384:28":24,"s:385:12:385:Infinity":88,"s:387:12:387:Infinity":89,"b:389:25:389:38:389:38:389:Infinity":28,"b:393:9:393:Infinity:393:29:397:Infinity:398:12:402:Infinity":29,"b:399:23:399:48:399:48:399:Infinity":30,"f:400:27:400:33":25,"s:400:33:400:Infinity":90,"f:401:25:401:31":26,"s:401:31:401:Infinity":91}}}
,"C:\\code\\transcript-parser\\src\\data\\largeTranscriptDemo.ts": {"path":"C:\\code\\transcript-parser\\src\\data\\largeTranscriptDemo.ts","statementMap":{"0":{"start":{"line":7,"column":51},"end":{"line":565,"column":null}}},"fnMap":{},"branchMap":{},"s":{"0":1},"f":{},"b":{},"meta":{"lastBranch":0,"lastFunction":0,"lastStatement":1,"seen":{"s:7:51:565:Infinity":0}}}
,"C:\\code\\transcript-parser\\src\\data\\sampleTranscript.ts": {"path":"C:\\code\\transcript-parser\\src\\data\\sampleTranscript.ts","statementMap":{"0":{"start":{"line":3,"column":48},"end":{"line":93,"column":null}}},"fnMap":{},"branchMap":{},"s":{"0":0},"f":{},"b":{},"meta":{"lastBranch":0,"lastFunction":0,"lastStatement":1,"seen":{"s:3:48:93:Infinity":0}}}
,"C:\\code\\transcript-parser\\src\\db\\index.ts": {"path":"C:\\code\\transcript-parser\\src\\db\\index.ts","statementMap":{},"fnMap":{},"branchMap":{},"s":{},"f":{},"b":{},"meta":{"lastBranch":0,"lastFunction":0,"lastStatement":0,"seen":{}}}
,"C:\\code\\transcript-parser\\src\\db\\schema.ts": {"path":"C:\\code\\transcript-parser\\src\\db\\schema.ts","statementMap":{"0":{"start":{"line":4,"column":13},"end":{"line":11,"column":null}},"1":{"start":{"line":10,"column":22},"end":{"line":10,"column":32}},"2":{"start":{"line":14,"column":13},"end":{"line":29,"column":null}},"3":{"start":{"line":18,"column":22},"end":{"line":18,"column":30}},"4":{"start":{"line":28,"column":22},"end":{"line":28,"column":32}}},"fnMap":{"0":{"name":"(anonymous_0)","decl":{"start":{"line":10,"column":16},"end":{"line":10,"column":22}},"loc":{"start":{"line":10,"column":22},"end":{"line":10,"column":32}},"line":10},"1":{"name":"(anonymous_1)","decl":{"start":{"line":18,"column":16},"end":{"line":18,"column":22}},"loc":{"start":{"line":18,"column":22},"end":{"line":18,"column":30}},"line":18},"2":{"name":"(anonymous_2)","decl":{"start":{"line":28,"column":16},"end":{"line":28,"column":22}},"loc":{"start":{"line":28,"column":22},"end":{"line":28,"column":32}},"line":28}},"branchMap":{},"s":{"0":0,"1":0,"2":0,"3":0,"4":0},"f":{"0":0,"1":0,"2":0},"b":{},"meta":{"lastBranch":0,"lastFunction":3,"lastStatement":5,"seen":{"s:4:13:11:Infinity":0,"f:10:16:10:22":0,"s:10:22:10:32":1,"s:14:13:29:Infinity":2,"f:18:16:18:22":1,"s:18:22:18:30":3,"f:28:16:28:22":2,"s:28:22:28:32":4}}}
,"C:\\code\\transcript-parser\\src\\mocks\\browser.ts": {"path":"C:\\code\\transcript-parser\\src\\mocks\\browser.ts","statementMap":{"0":{"start":{"line":8,"column":13},"end":{"line":8,"column":null}}},"fnMap":{},"branchMap":{},"s":{"0":0},"f":{},"b":{},"meta":{"lastBranch":0,"lastFunction":0,"lastStatement":1,"seen":{"s:8:13:8:Infinity":0}}}
,"C:\\code\\transcript-parser\\src\\mocks\\handlers.ts": {"path":"C:\\code\\transcript-parser\\src\\mocks\\handlers.ts","statementMap":{"0":{"start":{"line":8,"column":24},"end":{"line":8,"column":null}},"1":{"start":{"line":13,"column":28},"end":{"line":55,"column":null}},"2":{"start":{"line":60,"column":29},"end":{"line":88,"column":null}},"3":{"start":{"line":93,"column":24},"end":{"line":98,"column":null}},"4":{"start":{"line":96,"column":4},"end":{"line":96,"column":null}},"5":{"start":{"line":103,"column":36},"end":{"line":117,"column":null}},"6":{"start":{"line":106,"column":4},"end":{"line":115,"column":null}},"7":{"start":{"line":122,"column":35},"end":{"line":136,"column":null}},"8":{"start":{"line":125,"column":4},"end":{"line":134,"column":null}},"9":{"start":{"line":141,"column":39},"end":{"line":146,"column":null}},"10":{"start":{"line":144,"column":4},"end":{"line":144,"column":null}},"11":{"start":{"line":151,"column":36},"end":{"line":169,"column":null}},"12":{"start":{"line":154,"column":4},"end":{"line":167,"column":null}},"13":{"start":{"line":174,"column":35},"end":{"line":179,"column":null}},"14":{"start":{"line":177,"column":4},"end":{"line":177,"column":null}}},"fnMap":{"0":{"name":"(anonymous_0)","decl":{"start":{"line":95,"column":71},"end":{"line":95,"column":77}},"loc":{"start":{"line":95,"column":77},"end":{"line":97,"column":3}},"line":95},"1":{"name":"(anonymous_1)","decl":{"start":{"line":105,"column":2},"end":{"line":105,"column":8}},"loc":{"start":{"line":105,"column":8},"end":{"line":116,"column":null}},"line":105},"2":{"name":"(anonymous_2)","decl":{"start":{"line":124,"column":2},"end":{"line":124,"column":8}},"loc":{"start":{"line":124,"column":8},"end":{"line":135,"column":null}},"line":124},"3":{"name":"(anonymous_3)","decl":{"start":{"line":143,"column":2},"end":{"line":143,"column":8}},"loc":{"start":{"line":143,"column":8},"end":{"line":145,"column":null}},"line":143},"4":{"name":"(anonymous_4)","decl":{"start":{"line":153,"column":2},"end":{"line":153,"column":8}},"loc":{"start":{"line":153,"column":8},"end":{"line":168,"column":null}},"line":153},"5":{"name":"(anonymous_5)","decl":{"start":{"line":176,"column":2},"end":{"line":176,"column":8}},"loc":{"start":{"line":176,"column":8},"end":{"line":178,"column":null}},"line":176}},"branchMap":{},"s":{"0":5,"1":5,"2":5,"3":5,"4":0,"5":5,"6":0,"7":5,"8":0,"9":5,"10":0,"11":5,"12":0,"13":5,"14":0},"f":{"0":0,"1":0,"2":0,"3":0,"4":0,"5":0},"b":{},"meta":{"lastBranch":0,"lastFunction":6,"lastStatement":15,"seen":{"s:8:24:8:Infinity":0,"s:13:28:55:Infinity":1,"s:60:29:88:Infinity":2,"s:93:24:98:Infinity":3,"f:95:71:95:77":0,"s:96:4:96:Infinity":4,"s:103:36:117:Infinity":5,"f:105:2:105:8":1,"s:106:4:115:Infinity":6,"s:122:35:136:Infinity":7,"f:124:2:124:8":2,"s:125:4:134:Infinity":8,"s:141:39:146:Infinity":9,"f:143:2:143:8":3,"s:144:4:144:Infinity":10,"s:151:36:169:Infinity":11,"f:153:2:153:8":4,"s:154:4:167:Infinity":12,"s:174:35:179:Infinity":13,"f:176:2:176:8":5,"s:177:4:177:Infinity":14}}}
,"C:\\code\\transcript-parser\\src\\mocks\\server.ts": {"path":"C:\\code\\transcript-parser\\src\\mocks\\server.ts","statementMap":{"0":{"start":{"line":8,"column":13},"end":{"line":8,"column":null}}},"fnMap":{},"branchMap":{},"s":{"0":5},"f":{},"b":{},"meta":{"lastBranch":0,"lastFunction":0,"lastStatement":1,"seen":{"s:8:13:8:Infinity":0}}}
,"C:\\code\\transcript-parser\\src\\services\\apiClient.ts": {"path":"C:\\code\\transcript-parser\\src\\services\\apiClient.ts","statementMap":{"0":{"start":{"line":1,"column":21},"end":{"line":1,"column":null}},"1":{"start":{"line":15,"column":33},"end":{"line":15,"column":null}},"2":{"start":{"line":16,"column":37},"end":{"line":16,"column":null}},"3":{"start":{"line":19,"column":4},"end":{"line":19,"column":null}},"4":{"start":{"line":20,"column":23},"end":{"line":20,"column":null}},"5":{"start":{"line":21,"column":4},"end":{"line":27,"column":null}},"6":{"start":{"line":22,"column":6},"end":{"line":26,"column":null}},"7":{"start":{"line":23,"column":8},"end":{"line":23,"column":null}},"8":{"start":{"line":34,"column":44},"end":{"line":36,"column":null}},"9":{"start":{"line":38,"column":4},"end":{"line":40,"column":null}},"10":{"start":{"line":39,"column":6},"end":{"line":39,"column":null}},"11":{"start":{"line":43,"column":4},"end":{"line":45,"column":null}},"12":{"start":{"line":44,"column":6},"end":{"line":44,"column":null}},"13":{"start":{"line":47,"column":21},"end":{"line":50,"column":null}},"14":{"start":{"line":52,"column":4},"end":{"line":55,"column":null}},"15":{"start":{"line":53,"column":20},"end":{"line":53,"column":null}},"16":{"start":{"line":54,"column":6},"end":{"line":54,"column":null}},"17":{"start":{"line":57,"column":4},"end":{"line":57,"column":null}},"18":{"start":{"line":63,"column":38},"end":{"line":63,"column":null}},"19":{"start":{"line":64,"column":4},"end":{"line":66,"column":null}},"20":{"start":{"line":64,"column":26},"end":{"line":64,"column":43}},"21":{"start":{"line":65,"column":6},"end":{"line":65,"column":null}},"22":{"start":{"line":69,"column":17},"end":{"line":74,"column":null}},"23":{"start":{"line":77,"column":25},"end":{"line":77,"column":null}},"24":{"start":{"line":80,"column":4},"end":{"line":80,"column":null}},"25":{"start":{"line":81,"column":4},"end":{"line":81,"column":null}},"26":{"start":{"line":84,"column":18},"end":{"line":84,"column":null}},"27":{"start":{"line":86,"column":4},"end":{"line":86,"column":null}},"28":{"start":{"line":87,"column":4},"end":{"line":87,"column":null}},"29":{"start":{"line":88,"column":4},"end":{"line":88,"column":null}},"30":{"start":{"line":89,"column":4},"end":{"line":89,"column":null}},"31":{"start":{"line":91,"column":4},"end":{"line":91,"column":null}},"32":{"start":{"line":92,"column":4},"end":{"line":92,"column":null}},"33":{"start":{"line":97,"column":38},"end":{"line":97,"column":null}},"34":{"start":{"line":98,"column":29},"end":{"line":98,"column":null}},"35":{"start":{"line":98,"column":47},"end":{"line":98,"column":64}},"36":{"start":{"line":100,"column":4},"end":{"line":102,"column":null}},"37":{"start":{"line":101,"column":6},"end":{"line":101,"column":null}},"38":{"start":{"line":105,"column":30},"end":{"line":105,"column":null}},"39":{"start":{"line":106,"column":4},"end":{"line":108,"column":null}},"40":{"start":{"line":107,"column":6},"end":{"line":107,"column":null}},"41":{"start":{"line":112,"column":38},"end":{"line":112,"column":null}},"42":{"start":{"line":115,"column":18},"end":{"line":115,"column":null}},"43":{"start":{"line":117,"column":4},"end":{"line":117,"column":null}},"44":{"start":{"line":118,"column":4},"end":{"line":118,"column":null}},"45":{"start":{"line":119,"column":4},"end":{"line":119,"column":null}},"46":{"start":{"line":120,"column":4},"end":{"line":120,"column":null}},"47":{"start":{"line":122,"column":4},"end":{"line":122,"column":null}},"48":{"start":{"line":123,"column":4},"end":{"line":123,"column":null}},"49":{"start":{"line":127,"column":4},"end":{"line":127,"column":null}},"50":{"start":{"line":128,"column":4},"end":{"line":128,"column":null}},"51":{"start":{"line":129,"column":4},"end":{"line":129,"column":null}},"52":{"start":{"line":130,"column":4},"end":{"line":130,"column":null}},"53":{"start":{"line":134,"column":4},"end":{"line":134,"column":null}},"54":{"start":{"line":139,"column":21},"end":{"line":139,"column":null}},"55":{"start":{"line":140,"column":4},"end":{"line":140,"column":null}},"56":{"start":{"line":141,"column":4},"end":{"line":141,"column":null}},"57":{"start":{"line":143,"column":4},"end":{"line":149,"column":null}},"58":{"start":{"line":153,"column":4},"end":{"line":156,"column":null}},"59":{"start":{"line":161,"column":4},"end":{"line":161,"column":null}},"60":{"start":{"line":166,"column":4},"end":{"line":166,"column":null}},"61":{"start":{"line":170,"column":4},"end":{"line":172,"column":null}},"62":{"start":{"line":177,"column":4},"end":{"line":180,"column":null}},"63":{"start":{"line":185,"column":4},"end":{"line":187,"column":null}},"64":{"start":{"line":191,"column":4},"end":{"line":191,"column":null}},"65":{"start":{"line":195,"column":4},"end":{"line":195,"column":null}},"66":{"start":{"line":199,"column":25},"end":{"line":199,"column":null}}},"fnMap":{"0":{"name":"(anonymous_0)","decl":{"start":{"line":18,"column":2},"end":{"line":18,"column":16}},"loc":{"start":{"line":18,"column":16},"end":{"line":28,"column":null}},"line":18},"1":{"name":"(anonymous_1)","decl":{"start":{"line":30,"column":16},"end":{"line":30,"column":null}},"loc":{"start":{"line":33,"column":16},"end":{"line":58,"column":null}},"line":33},"2":{"name":"(anonymous_2)","decl":{"start":{"line":61,"column":8},"end":{"line":61,"column":17}},"loc":{"start":{"line":61,"column":80},"end":{"line":93,"column":null}},"line":61},"3":{"name":"(anonymous_3)","decl":{"start":{"line":64,"column":19},"end":{"line":64,"column":20}},"loc":{"start":{"line":64,"column":26},"end":{"line":64,"column":43}},"line":64},"4":{"name":"(anonymous_4)","decl":{"start":{"line":95,"column":8},"end":{"line":95,"column":14}},"loc":{"start":{"line":95,"column":62},"end":{"line":124,"column":null}},"line":95},"5":{"name":"(anonymous_5)","decl":{"start":{"line":98,"column":40},"end":{"line":98,"column":41}},"loc":{"start":{"line":98,"column":47},"end":{"line":98,"column":64}},"line":98},"6":{"name":"(anonymous_6)","decl":{"start":{"line":126,"column":8},"end":{"line":126,"column":17}},"loc":{"start":{"line":126,"column":17},"end":{"line":131,"column":null}},"line":126},"7":{"name":"(anonymous_7)","decl":{"start":{"line":133,"column":8},"end":{"line":133,"column":16}},"loc":{"start":{"line":133,"column":16},"end":{"line":135,"column":null}},"line":133},"8":{"name":"(anonymous_8)","decl":{"start":{"line":138,"column":8},"end":{"line":138,"column":20}},"loc":{"start":{"line":138,"column":47},"end":{"line":150,"column":null}},"line":138},"9":{"name":"(anonymous_9)","decl":{"start":{"line":152,"column":8},"end":{"line":152,"column":23}},"loc":{"start":{"line":152,"column":44},"end":{"line":157,"column":null}},"line":152},"10":{"name":"(anonymous_10)","decl":{"start":{"line":159,"column":8},"end":{"line":159,"column":25}},"loc":{"start":{"line":159,"column":25},"end":{"line":162,"column":null}},"line":159},"11":{"name":"(anonymous_11)","decl":{"start":{"line":164,"column":8},"end":{"line":164,"column":22}},"loc":{"start":{"line":164,"column":43},"end":{"line":167,"column":null}},"line":164},"12":{"name":"(anonymous_12)","decl":{"start":{"line":169,"column":8},"end":{"line":169,"column":25}},"loc":{"start":{"line":169,"column":46},"end":{"line":173,"column":null}},"line":169},"13":{"name":"(anonymous_13)","decl":{"start":{"line":175,"column":8},"end":{"line":175,"column":30}},"loc":{"start":{"line":175,"column":115},"end":{"line":181,"column":null}},"line":175},"14":{"name":"(anonymous_14)","decl":{"start":{"line":183,"column":8},"end":{"line":183,"column":26}},"loc":{"start":{"line":183,"column":41},"end":{"line":188,"column":null}},"line":183},"15":{"name":"(anonymous_15)","decl":{"start":{"line":190,"column":2},"end":{"line":190,"column":29}},"loc":{"start":{"line":190,"column":29},"end":{"line":192,"column":null}},"line":190},"16":{"name":"(anonymous_16)","decl":{"start":{"line":194,"column":2},"end":{"line":194,"column":32}},"loc":{"start":{"line":194,"column":32},"end":{"line":196,"column":null}},"line":194}},"branchMap":{"0":{"loc":{"start":{"line":1,"column":21},"end":{"line":1,"column":null}},"type":"binary-expr","locations":[{"start":{"line":1,"column":21},"end":{"line":1,"column":53}},{"start":{"line":1,"column":53},"end":{"line":1,"column":null}}],"line":1},"1":{"loc":{"start":{"line":21,"column":4},"end":{"line":27,"column":null}},"type":"if","locations":[{"start":{"line":21,"column":4},"end":{"line":27,"column":null}},{"start":{},"end":{}}],"line":21},"2":{"loc":{"start":{"line":32,"column":4},"end":{"line":32,"column":null}},"type":"default-arg","locations":[{"start":{"line":32,"column":27},"end":{"line":32,"column":null}}],"line":32},"3":{"loc":{"start":{"line":38,"column":4},"end":{"line":40,"column":null}},"type":"if","locations":[{"start":{"line":38,"column":4},"end":{"line":40,"column":null}},{"start":{},"end":{}}],"line":38},"4":{"loc":{"start":{"line":43,"column":4},"end":{"line":45,"column":null}},"type":"if","locations":[{"start":{"line":43,"column":4},"end":{"line":45,"column":null}},{"start":{},"end":{}}],"line":43},"5":{"loc":{"start":{"line":52,"column":4},"end":{"line":55,"column":null}},"type":"if","locations":[{"start":{"line":52,"column":4},"end":{"line":55,"column":null}},{"start":{},"end":{}}],"line":52},"6":{"loc":{"start":{"line":54,"column":22},"end":{"line":54,"column":74}},"type":"binary-expr","locations":[{"start":{"line":54,"column":22},"end":{"line":54,"column":37}},{"start":{"line":54,"column":37},"end":{"line":54,"column":54}},{"start":{"line":54,"column":54},"end":{"line":54,"column":74}}],"line":54},"7":{"loc":{"start":{"line":63,"column":49},"end":{"line":63,"column":90}},"type":"binary-expr","locations":[{"start":{"line":63,"column":49},"end":{"line":63,"column":86}},{"start":{"line":63,"column":86},"end":{"line":63,"column":90}}],"line":63},"8":{"loc":{"start":{"line":64,"column":4},"end":{"line":66,"column":null}},"type":"if","locations":[{"start":{"line":64,"column":4},"end":{"line":66,"column":null}},{"start":{},"end":{}}],"line":64},"9":{"loc":{"start":{"line":72,"column":12},"end":{"line":72,"column":null}},"type":"binary-expr","locations":[{"start":{"line":72,"column":12},"end":{"line":72,"column":20}},{"start":{"line":72,"column":20},"end":{"line":72,"column":null}}],"line":72},"10":{"loc":{"start":{"line":97,"column":49},"end":{"line":97,"column":90}},"type":"binary-expr","locations":[{"start":{"line":97,"column":49},"end":{"line":97,"column":86}},{"start":{"line":97,"column":86},"end":{"line":97,"column":90}}],"line":97},"11":{"loc":{"start":{"line":100,"column":4},"end":{"line":102,"column":null}},"type":"if","locations":[{"start":{"line":100,"column":4},"end":{"line":102,"column":null}},{"start":{},"end":{}}],"line":100},"12":{"loc":{"start":{"line":106,"column":4},"end":{"line":108,"column":null}},"type":"if","locations":[{"start":{"line":106,"column":4},"end":{"line":108,"column":null}},{"start":{},"end":{}}],"line":106}},"s":{"0":0,"1":0,"2":0,"3":0,"4":0,"5":0,"6":0,"7":0,"8":0,"9":0,"10":0,"11":0,"12":0,"13":0,"14":0,"15":0,"16":0,"17":0,"18":0,"19":0,"20":0,"21":0,"22":0,"23":0,"24":0,"25":0,"26":0,"27":0,"28":0,"29":0,"30":0,"31":0,"32":0,"33":0,"34":0,"35":0,"36":0,"37":0,"38":0,"39":0,"40":0,"41":0,"42":0,"43":0,"44":0,"45":0,"46":0,"47":0,"48":0,"49":0,"50":0,"51":0,"52":0,"53":0,"54":0,"55":0,"56":0,"57":0,"58":0,"59":0,"60":0,"61":0,"62":0,"63":0,"64":0,"65":0,"66":0},"f":{"0":0,"1":0,"2":0,"3":0,"4":0,"5":0,"6":0,"7":0,"8":0,"9":0,"10":0,"11":0,"12":0,"13":0,"14":0,"15":0,"16":0},"b":{"0":[0,0],"1":[0,0],"2":[0],"3":[0,0],"4":[0,0],"5":[0,0],"6":[0,0,0],"7":[0,0],"8":[0,0],"9":[0,0],"10":[0,0],"11":[0,0],"12":[0,0]},"meta":{"lastBranch":13,"lastFunction":17,"lastStatement":67,"seen":{"s:1:21:1:Infinity":0,"b:1:21:1:53:1:53:1:Infinity":0,"s:15:33:15:Infinity":1,"s:16:37:16:Infinity":2,"f:18:2:18:16":0,"s:19:4:19:Infinity":3,"s:20:23:20:Infinity":4,"b:21:4:27:Infinity:undefined:undefined:undefined:undefined":1,"s:21:4:27:Infinity":5,"s:22:6:26:Infinity":6,"s:23:8:23:Infinity":7,"f:30:16:30:Infinity":1,"b:32:27:32:Infinity":2,"s:34:44:36:Infinity":8,"b:38:4:40:Infinity:undefined:undefined:undefined:undefined":3,"s:38:4:40:Infinity":9,"s:39:6:39:Infinity":10,"b:43:4:45:Infinity:undefined:undefined:undefined:undefined":4,"s:43:4:45:Infinity":11,"s:44:6:44:Infinity":12,"s:47:21:50:Infinity":13,"b:52:4:55:Infinity:undefined:undefined:undefined:undefined":5,"s:52:4:55:Infinity":14,"s:53:20:53:Infinity":15,"s:54:6:54:Infinity":16,"b:54:22:54:37:54:37:54:54:54:54:54:74":6,"s:57:4:57:Infinity":17,"f:61:8:61:17":2,"s:63:38:63:Infinity":18,"b:63:49:63:86:63:86:63:90":7,"b:64:4:66:Infinity:undefined:undefined:undefined:undefined":8,"s:64:4:66:Infinity":19,"f:64:19:64:20":3,"s:64:26:64:43":20,"s:65:6:65:Infinity":21,"s:69:17:74:Infinity":22,"b:72:12:72:20:72:20:72:Infinity":9,"s:77:25:77:Infinity":23,"s:80:4:80:Infinity":24,"s:81:4:81:Infinity":25,"s:84:18:84:Infinity":26,"s:86:4:86:Infinity":27,"s:87:4:87:Infinity":28,"s:88:4:88:Infinity":29,"s:89:4:89:Infinity":30,"s:91:4:91:Infinity":31,"s:92:4:92:Infinity":32,"f:95:8:95:14":4,"s:97:38:97:Infinity":33,"b:97:49:97:86:97:86:97:90":10,"s:98:29:98:Infinity":34,"f:98:40:98:41":5,"s:98:47:98:64":35,"b:100:4:102:Infinity:undefined:undefined:undefined:undefined":11,"s:100:4:102:Infinity":36,"s:101:6:101:Infinity":37,"s:105:30:105:Infinity":38,"b:106:4:108:Infinity:undefined:undefined:undefined:undefined":12,"s:106:4:108:Infinity":39,"s:107:6:107:Infinity":40,"s:112:38:112:Infinity":41,"s:115:18:115:Infinity":42,"s:117:4:117:Infinity":43,"s:118:4:118:Infinity":44,"s:119:4:119:Infinity":45,"s:120:4:120:Infinity":46,"s:122:4:122:Infinity":47,"s:123:4:123:Infinity":48,"f:126:8:126:17":6,"s:127:4:127:Infinity":49,"s:128:4:128:Infinity":50,"s:129:4:129:Infinity":51,"s:130:4:130:Infinity":52,"f:133:8:133:16":7,"s:134:4:134:Infinity":53,"f:138:8:138:20":8,"s:139:21:139:Infinity":54,"s:140:4:140:Infinity":55,"s:141:4:141:Infinity":56,"s:143:4:149:Infinity":57,"f:152:8:152:23":9,"s:153:4:156:Infinity":58,"f:159:8:159:25":10,"s:161:4:161:Infinity":59,"f:164:8:164:22":11,"s:166:4:166:Infinity":60,"f:169:8:169:25":12,"s:170:4:172:Infinity":61,"f:175:8:175:30":13,"s:177:4:180:Infinity":62,"f:183:8:183:26":14,"s:185:4:187:Infinity":63,"f:190:2:190:29":15,"s:191:4:191:Infinity":64,"f:194:2:194:32":16,"s:195:4:195:Infinity":65,"s:199:25:199:Infinity":66}}}
,"C:\\code\\transcript-parser\\src\\services\\audioExtractor.ts": {"path":"C:\\code\\transcript-parser\\src\\services\\audioExtractor.ts","statementMap":{"0":{"start":{"line":15,"column":4},"end":{"line":15,"column":null}},"1":{"start":{"line":13,"column":20},"end":{"line":13,"column":null}},"2":{"start":{"line":16,"column":4},"end":{"line":16,"column":null}},"3":{"start":{"line":31,"column":27},"end":{"line":31,"column":null}},"4":{"start":{"line":33,"column":4},"end":{"line":220,"column":null}},"5":{"start":{"line":35,"column":20},"end":{"line":35,"column":null}},"6":{"start":{"line":36,"column":6},"end":{"line":36,"column":null}},"7":{"start":{"line":37,"column":6},"end":{"line":37,"column":null}},"8":{"start":{"line":40,"column":6},"end":{"line":49,"column":null}},"9":{"start":{"line":41,"column":8},"end":{"line":41,"column":null}},"10":{"start":{"line":41,"column":39},"end":{"line":41,"column":null}},"11":{"start":{"line":42,"column":8},"end":{"line":48,"column":null}},"12":{"start":{"line":43,"column":10},"end":{"line":48,"column":null}},"13":{"start":{"line":52,"column":6},"end":{"line":52,"column":null}},"14":{"start":{"line":53,"column":6},"end":{"line":59,"column":null}},"15":{"start":{"line":54,"column":8},"end":{"line":54,"column":null}},"16":{"start":{"line":55,"column":8},"end":{"line":58,"column":null}},"17":{"start":{"line":62,"column":6},"end":{"line":62,"column":null}},"18":{"start":{"line":63,"column":6},"end":{"line":63,"column":null}},"19":{"start":{"line":66,"column":22},"end":{"line":68,"column":null}},"20":{"start":{"line":70,"column":6},"end":{"line":76,"column":null}},"21":{"start":{"line":71,"column":8},"end":{"line":71,"column":null}},"22":{"start":{"line":72,"column":8},"end":{"line":75,"column":null}},"23":{"start":{"line":79,"column":26},"end":{"line":79,"column":null}},"24":{"start":{"line":80,"column":6},"end":{"line":86,"column":null}},"25":{"start":{"line":81,"column":8},"end":{"line":81,"column":null}},"26":{"start":{"line":82,"column":8},"end":{"line":85,"column":null}},"27":{"start":{"line":89,"column":31},"end":{"line":94,"column":null}},"28":{"start":{"line":96,"column":44},"end":{"line":96,"column":null}},"29":{"start":{"line":97,"column":6},"end":{"line":102,"column":null}},"30":{"start":{"line":98,"column":8},"end":{"line":101,"column":null}},"31":{"start":{"line":99,"column":10},"end":{"line":99,"column":null}},"32":{"start":{"line":100,"column":10},"end":{"line":100,"column":null}},"33":{"start":{"line":104,"column":6},"end":{"line":110,"column":null}},"34":{"start":{"line":105,"column":8},"end":{"line":105,"column":null}},"35":{"start":{"line":106,"column":8},"end":{"line":109,"column":null}},"36":{"start":{"line":113,"column":6},"end":{"line":123,"column":null}},"37":{"start":{"line":114,"column":8},"end":{"line":116,"column":null}},"38":{"start":{"line":118,"column":8},"end":{"line":118,"column":null}},"39":{"start":{"line":119,"column":8},"end":{"line":122,"column":null}},"40":{"start":{"line":125,"column":34},"end":{"line":125,"column":null}},"41":{"start":{"line":128,"column":6},"end":{"line":132,"column":null}},"42":{"start":{"line":129,"column":8},"end":{"line":131,"column":null}},"43":{"start":{"line":130,"column":10},"end":{"line":130,"column":null}},"44":{"start":{"line":135,"column":23},"end":{"line":135,"column":null}},"45":{"start":{"line":136,"column":52},"end":{"line":136,"column":null}},"46":{"start":{"line":139,"column":6},"end":{"line":144,"column":null}},"47":{"start":{"line":140,"column":27},"end":{"line":140,"column":null}},"48":{"start":{"line":141,"column":8},"end":{"line":141,"column":null}},"49":{"start":{"line":142,"column":8},"end":{"line":142,"column":null}},"50":{"start":{"line":142,"column":30},"end":{"line":142,"column":null}},"51":{"start":{"line":143,"column":8},"end":{"line":143,"column":null}},"52":{"start":{"line":147,"column":6},"end":{"line":155,"column":null}},"53":{"start":{"line":148,"column":8},"end":{"line":148,"column":null}},"54":{"start":{"line":150,"column":8},"end":{"line":150,"column":null}},"55":{"start":{"line":151,"column":8},"end":{"line":154,"column":null}},"56":{"start":{"line":157,"column":6},"end":{"line":162,"column":null}},"57":{"start":{"line":158,"column":8},"end":{"line":161,"column":null}},"58":{"start":{"line":159,"column":27},"end":{"line":159,"column":null}},"59":{"start":{"line":160,"column":10},"end":{"line":160,"column":null}},"60":{"start":{"line":165,"column":6},"end":{"line":173,"column":null}},"61":{"start":{"line":166,"column":8},"end":{"line":166,"column":null}},"62":{"start":{"line":167,"column":8},"end":{"line":167,"column":null}},"63":{"start":{"line":168,"column":8},"end":{"line":168,"column":null}},"64":{"start":{"line":169,"column":8},"end":{"line":172,"column":null}},"65":{"start":{"line":176,"column":24},"end":{"line":209,"column":null}},"66":{"start":{"line":177,"column":8},"end":{"line":193,"column":null}},"67":{"start":{"line":178,"column":10},"end":{"line":178,"column":null}},"68":{"start":{"line":179,"column":10},"end":{"line":179,"column":null}},"69":{"start":{"line":181,"column":10},"end":{"line":189,"column":null}},"70":{"start":{"line":182,"column":12},"end":{"line":187,"column":null}},"71":{"start":{"line":188,"column":12},"end":{"line":188,"column":null}},"72":{"start":{"line":191,"column":23},"end":{"line":191,"column":null}},"73":{"start":{"line":192,"column":10},"end":{"line":192,"column":null}},"74":{"start":{"line":195,"column":8},"end":{"line":204,"column":null}},"75":{"start":{"line":196,"column":10},"end":{"line":196,"column":null}},"76":{"start":{"line":197,"column":10},"end":{"line":197,"column":null}},"77":{"start":{"line":198,"column":10},"end":{"line":203,"column":null}},"78":{"start":{"line":206,"column":8},"end":{"line":208,"column":null}},"79":{"start":{"line":207,"column":10},"end":{"line":207,"column":null}},"80":{"start":{"line":211,"column":6},"end":{"line":211,"column":null}},"81":{"start":{"line":213,"column":6},"end":{"line":215,"column":null}},"82":{"start":{"line":214,"column":8},"end":{"line":214,"column":null}},"83":{"start":{"line":216,"column":6},"end":{"line":219,"column":null}}},"fnMap":{"0":{"name":"(anonymous_0)","decl":{"start":{"line":11,"column":2},"end":{"line":11,"column":null}},"loc":{"start":{"line":14,"column":4},"end":{"line":17,"column":null}},"line":14},"1":{"name":"(anonymous_1)","decl":{"start":{"line":27,"column":8},"end":{"line":27,"column":null}},"loc":{"start":{"line":30,"column":19},"end":{"line":221,"column":null}},"line":30},"2":{"name":"(anonymous_2)","decl":{"start":{"line":40,"column":30},"end":{"line":40,"column":31}},"loc":{"start":{"line":40,"column":51},"end":{"line":49,"column":7}},"line":40},"3":{"name":"(anonymous_3)","decl":{"start":{"line":41,"column":33},"end":{"line":41,"column":39}},"loc":{"start":{"line":41,"column":39},"end":{"line":41,"column":null}},"line":41},"4":{"name":"(anonymous_4)","decl":{"start":{"line":42,"column":24},"end":{"line":42,"column":null}},"loc":{"start":{"line":43,"column":10},"end":{"line":48,"column":null}},"line":43},"5":{"name":"(anonymous_5)","decl":{"start":{"line":53,"column":31},"end":{"line":53,"column":38}},"loc":{"start":{"line":53,"column":38},"end":{"line":59,"column":7}},"line":53},"6":{"name":"(anonymous_6)","decl":{"start":{"line":128,"column":38},"end":{"line":128,"column":47}},"loc":{"start":{"line":128,"column":47},"end":{"line":132,"column":null}},"line":128},"7":{"name":"(anonymous_7)","decl":{"start":{"line":139,"column":30},"end":{"line":139,"column":31}},"loc":{"start":{"line":139,"column":48},"end":{"line":144,"column":null}},"line":139},"8":{"name":"(anonymous_8)","decl":{"start":{"line":157,"column":37},"end":{"line":157,"column":43}},"loc":{"start":{"line":157,"column":43},"end":{"line":162,"column":9}},"line":157},"9":{"name":"(anonymous_9)","decl":{"start":{"line":165,"column":25},"end":{"line":165,"column":32}},"loc":{"start":{"line":165,"column":32},"end":{"line":173,"column":7}},"line":165},"10":{"name":"(anonymous_10)","decl":{"start":{"line":176,"column":48},"end":{"line":176,"column":49}},"loc":{"start":{"line":176,"column":69},"end":{"line":209,"column":7}},"line":176},"11":{"name":"(anonymous_11)","decl":{"start":{"line":177,"column":31},"end":{"line":177,"column":37}},"loc":{"start":{"line":177,"column":37},"end":{"line":193,"column":null}},"line":177},"12":{"name":"(anonymous_12)","decl":{"start":{"line":195,"column":32},"end":{"line":195,"column":41}},"loc":{"start":{"line":195,"column":41},"end":{"line":204,"column":null}},"line":195},"13":{"name":"(anonymous_13)","decl":{"start":{"line":206,"column":24},"end":{"line":206,"column":30}},"loc":{"start":{"line":206,"column":30},"end":{"line":208,"column":null}},"line":206}},"branchMap":{"0":{"loc":{"start":{"line":31,"column":27},"end":{"line":31,"column":null}},"type":"binary-expr","locations":[{"start":{"line":31,"column":27},"end":{"line":31,"column":38}},{"start":{"line":31,"column":38},"end":{"line":31,"column":null}}],"line":31},"1":{"loc":{"start":{"line":66,"column":22},"end":{"line":68,"column":null}},"type":"cond-expr","locations":[{"start":{"line":67,"column":11},"end":{"line":67,"column":null}},{"start":{"line":68,"column":11},"end":{"line":68,"column":null}}],"line":66},"2":{"loc":{"start":{"line":70,"column":6},"end":{"line":76,"column":null}},"type":"if","locations":[{"start":{"line":70,"column":6},"end":{"line":76,"column":null}},{"start":{},"end":{}}],"line":70},"3":{"loc":{"start":{"line":80,"column":6},"end":{"line":86,"column":null}},"type":"if","locations":[{"start":{"line":80,"column":6},"end":{"line":86,"column":null}},{"start":{},"end":{}}],"line":80},"4":{"loc":{"start":{"line":98,"column":8},"end":{"line":101,"column":null}},"type":"if","locations":[{"start":{"line":98,"column":8},"end":{"line":101,"column":null}},{"start":{},"end":{}}],"line":98},"5":{"loc":{"start":{"line":104,"column":6},"end":{"line":110,"column":null}},"type":"if","locations":[{"start":{"line":104,"column":6},"end":{"line":110,"column":null}},{"start":{},"end":{}}],"line":104},"6":{"loc":{"start":{"line":120,"column":45},"end":{"line":120,"column":97}},"type":"cond-expr","locations":[{"start":{"line":120,"column":68},"end":{"line":120,"column":82}},{"start":{"line":120,"column":82},"end":{"line":120,"column":97}}],"line":120},"7":{"loc":{"start":{"line":129,"column":8},"end":{"line":131,"column":null}},"type":"if","locations":[{"start":{"line":129,"column":8},"end":{"line":131,"column":null}},{"start":{},"end":{}}],"line":129},"8":{"loc":{"start":{"line":142,"column":8},"end":{"line":142,"column":null}},"type":"if","locations":[{"start":{"line":142,"column":8},"end":{"line":142,"column":null}},{"start":{},"end":{}}],"line":142},"9":{"loc":{"start":{"line":152,"column":44},"end":{"line":152,"column":96}},"type":"cond-expr","locations":[{"start":{"line":152,"column":67},"end":{"line":152,"column":81}},{"start":{"line":152,"column":81},"end":{"line":152,"column":96}}],"line":152},"10":{"loc":{"start":{"line":158,"column":8},"end":{"line":161,"column":null}},"type":"if","locations":[{"start":{"line":158,"column":8},"end":{"line":161,"column":null}},{"start":{},"end":{}}],"line":158},"11":{"loc":{"start":{"line":158,"column":12},"end":{"line":158,"column":40}},"type":"binary-expr","locations":[{"start":{"line":158,"column":12},"end":{"line":158,"column":26}},{"start":{"line":158,"column":26},"end":{"line":158,"column":40}}],"line":158},"12":{"loc":{"start":{"line":181,"column":10},"end":{"line":189,"column":null}},"type":"if","locations":[{"start":{"line":181,"column":10},"end":{"line":189,"column":null}},{"start":{},"end":{}}],"line":181},"13":{"loc":{"start":{"line":200,"column":39},"end":{"line":200,"column":86}},"type":"binary-expr","locations":[{"start":{"line":200,"column":39},"end":{"line":200,"column":71}},{"start":{"line":200,"column":71},"end":{"line":200,"column":86}}],"line":200},"14":{"loc":{"start":{"line":213,"column":6},"end":{"line":215,"column":null}},"type":"if","locations":[{"start":{"line":213,"column":6},"end":{"line":215,"column":null}},{"start":{},"end":{}}],"line":213},"15":{"loc":{"start":{"line":217,"column":53},"end":{"line":217,"column":109}},"type":"cond-expr","locations":[{"start":{"line":217,"column":78},"end":{"line":217,"column":94}},{"start":{"line":217,"column":94},"end":{"line":217,"column":109}}],"line":217}},"s":{"0":0,"1":0,"2":0,"3":0,"4":0,"5":0,"6":0,"7":0,"8":0,"9":0,"10":0,"11":0,"12":0,"13":0,"14":0,"15":0,"16":0,"17":0,"18":0,"19":0,"20":0,"21":0,"22":0,"23":0,"24":0,"25":0,"26":0,"27":0,"28":0,"29":0,"30":0,"31":0,"32":0,"33":0,"34":0,"35":0,"36":0,"37":0,"38":0,"39":0,"40":0,"41":0,"42":0,"43":0,"44":0,"45":0,"46":0,"47":0,"48":0,"49":0,"50":0,"51":0,"52":0,"53":0,"54":0,"55":0,"56":0,"57":0,"58":0,"59":0,"60":0,"61":0,"62":0,"63":0,"64":0,"65":0,"66":0,"67":0,"68":0,"69":0,"70":0,"71":0,"72":0,"73":0,"74":0,"75":0,"76":0,"77":0,"78":0,"79":0,"80":0,"81":0,"82":0,"83":0},"f":{"0":0,"1":0,"2":0,"3":0,"4":0,"5":0,"6":0,"7":0,"8":0,"9":0,"10":0,"11":0,"12":0,"13":0},"b":{"0":[0,0],"1":[0,0],"2":[0,0],"3":[0,0],"4":[0,0],"5":[0,0],"6":[0,0],"7":[0,0],"8":[0,0],"9":[0,0],"10":[0,0],"11":[0,0],"12":[0,0],"13":[0,0],"14":[0,0],"15":[0,0]},"meta":{"lastBranch":16,"lastFunction":14,"lastStatement":84,"seen":{"f:11:2:11:Infinity":0,"s:15:4:15:Infinity":0,"s:13:20:13:Infinity":1,"s:16:4:16:Infinity":2,"f:27:8:27:Infinity":1,"s:31:27:31:Infinity":3,"b:31:27:31:38:31:38:31:Infinity":0,"s:33:4:220:Infinity":4,"s:35:20:35:Infinity":5,"s:36:6:36:Infinity":6,"s:37:6:37:Infinity":7,"s:40:6:49:Infinity":8,"f:40:30:40:31":2,"s:41:8:41:Infinity":9,"f:41:33:41:39":3,"s:41:39:41:Infinity":10,"s:42:8:48:Infinity":11,"f:42:24:42:Infinity":4,"s:43:10:48:Infinity":12,"s:52:6:52:Infinity":13,"s:53:6:59:Infinity":14,"f:53:31:53:38":5,"s:54:8:54:Infinity":15,"s:55:8:58:Infinity":16,"s:62:6:62:Infinity":17,"s:63:6:63:Infinity":18,"s:66:22:68:Infinity":19,"b:67:11:67:Infinity:68:11:68:Infinity":1,"b:70:6:76:Infinity:undefined:undefined:undefined:undefined":2,"s:70:6:76:Infinity":20,"s:71:8:71:Infinity":21,"s:72:8:75:Infinity":22,"s:79:26:79:Infinity":23,"b:80:6:86:Infinity:undefined:undefined:undefined:undefined":3,"s:80:6:86:Infinity":24,"s:81:8:81:Infinity":25,"s:82:8:85:Infinity":26,"s:89:31:94:Infinity":27,"s:96:44:96:Infinity":28,"s:97:6:102:Infinity":29,"b:98:8:101:Infinity:undefined:undefined:undefined:undefined":4,"s:98:8:101:Infinity":30,"s:99:10:99:Infinity":31,"s:100:10:100:Infinity":32,"b:104:6:110:Infinity:undefined:undefined:undefined:undefined":5,"s:104:6:110:Infinity":33,"s:105:8:105:Infinity":34,"s:106:8:109:Infinity":35,"s:113:6:123:Infinity":36,"s:114:8:116:Infinity":37,"s:118:8:118:Infinity":38,"s:119:8:122:Infinity":39,"b:120:68:120:82:120:82:120:97":6,"s:125:34:125:Infinity":40,"s:128:6:132:Infinity":41,"f:128:38:128:47":6,"b:129:8:131:Infinity:undefined:undefined:undefined:undefined":7,"s:129:8:131:Infinity":42,"s:130:10:130:Infinity":43,"s:135:23:135:Infinity":44,"s:136:52:136:Infinity":45,"s:139:6:144:Infinity":46,"f:139:30:139:31":7,"s:140:27:140:Infinity":47,"s:141:8:141:Infinity":48,"b:142:8:142:Infinity:undefined:undefined:undefined:undefined":8,"s:142:8:142:Infinity":49,"s:142:30:142:Infinity":50,"s:143:8:143:Infinity":51,"s:147:6:155:Infinity":52,"s:148:8:148:Infinity":53,"s:150:8:150:Infinity":54,"s:151:8:154:Infinity":55,"b:152:67:152:81:152:81:152:96":9,"s:157:6:162:Infinity":56,"f:157:37:157:43":8,"b:158:8:161:Infinity:undefined:undefined:undefined:undefined":10,"s:158:8:161:Infinity":57,"b:158:12:158:26:158:26:158:40":11,"s:159:27:159:Infinity":58,"s:160:10:160:Infinity":59,"s:165:6:173:Infinity":60,"f:165:25:165:32":9,"s:166:8:166:Infinity":61,"s:167:8:167:Infinity":62,"s:168:8:168:Infinity":63,"s:169:8:172:Infinity":64,"s:176:24:209:Infinity":65,"f:176:48:176:49":10,"s:177:8:193:Infinity":66,"f:177:31:177:37":11,"s:178:10:178:Infinity":67,"s:179:10:179:Infinity":68,"b:181:10:189:Infinity:undefined:undefined:undefined:undefined":12,"s:181:10:189:Infinity":69,"s:182:12:187:Infinity":70,"s:188:12:188:Infinity":71,"s:191:23:191:Infinity":72,"s:192:10:192:Infinity":73,"s:195:8:204:Infinity":74,"f:195:32:195:41":12,"s:196:10:196:Infinity":75,"s:197:10:197:Infinity":76,"s:198:10:203:Infinity":77,"b:200:39:200:71:200:71:200:86":13,"s:206:8:208:Infinity":78,"f:206:24:206:30":13,"s:207:10:207:Infinity":79,"s:211:6:211:Infinity":80,"b:213:6:215:Infinity:undefined:undefined:undefined:undefined":14,"s:213:6:215:Infinity":81,"s:214:8:214:Infinity":82,"s:216:6:219:Infinity":83,"b:217:78:217:94:217:94:217:109":15}}}
,"C:\\code\\transcript-parser\\src\\services\\ffmpegExtractor.ts": {"path":"C:\\code\\transcript-parser\\src\\services\\ffmpegExtractor.ts","statementMap":{"0":{"start":{"line":10,"column":52},"end":{"line":10,"column":null}},"1":{"start":{"line":11,"column":34},"end":{"line":11,"column":null}},"2":{"start":{"line":12,"column":19},"end":{"line":12,"column":null}},"3":{"start":{"line":13,"column":20},"end":{"line":13,"column":null}},"4":{"start":{"line":16,"column":4},"end":{"line":18,"column":null}},"5":{"start":{"line":17,"column":6},"end":{"line":17,"column":null}},"6":{"start":{"line":19,"column":4},"end":{"line":19,"column":null}},"7":{"start":{"line":23,"column":4},"end":{"line":23,"column":null}},"8":{"start":{"line":23,"column":21},"end":{"line":23,"column":null}},"9":{"start":{"line":25,"column":4},"end":{"line":30,"column":null}},"10":{"start":{"line":26,"column":6},"end":{"line":28,"column":null}},"11":{"start":{"line":27,"column":8},"end":{"line":27,"column":null}},"12":{"start":{"line":27,"column":37},"end":{"line":27,"column":61}},"13":{"start":{"line":29,"column":6},"end":{"line":29,"column":null}},"14":{"start":{"line":32,"column":4},"end":{"line":32,"column":null}},"15":{"start":{"line":34,"column":4},"end":{"line":121,"column":null}},"16":{"start":{"line":35,"column":6},"end":{"line":35,"column":null}},"17":{"start":{"line":36,"column":6},"end":{"line":39,"column":null}},"18":{"start":{"line":40,"column":6},"end":{"line":40,"column":null}},"19":{"start":{"line":42,"column":6},"end":{"line":45,"column":null}},"20":{"start":{"line":43,"column":8},"end":{"line":43,"column":null}},"21":{"start":{"line":44,"column":8},"end":{"line":44,"column":null}},"22":{"start":{"line":47,"column":6},"end":{"line":47,"column":null}},"23":{"start":{"line":50,"column":25},"end":{"line":50,"column":null}},"24":{"start":{"line":51,"column":31},"end":{"line":57,"column":null}},"25":{"start":{"line":52,"column":8},"end":{"line":56,"column":null}},"26":{"start":{"line":53,"column":10},"end":{"line":53,"column":null}},"27":{"start":{"line":54,"column":10},"end":{"line":54,"column":null}},"28":{"start":{"line":55,"column":10},"end":{"line":55,"column":null}},"29":{"start":{"line":59,"column":6},"end":{"line":109,"column":null}},"30":{"start":{"line":63,"column":10},"end":{"line":63,"column":null}},"31":{"start":{"line":64,"column":8},"end":{"line":64,"column":null}},"32":{"start":{"line":66,"column":8},"end":{"line":66,"column":null}},"33":{"start":{"line":67,"column":24},"end":{"line":70,"column":null}},"34":{"start":{"line":72,"column":8},"end":{"line":72,"column":null}},"35":{"start":{"line":73,"column":24},"end":{"line":76,"column":null}},"36":{"start":{"line":78,"column":8},"end":{"line":78,"column":null}},"37":{"start":{"line":79,"column":26},"end":{"line":82,"column":null}},"38":{"start":{"line":84,"column":8},"end":{"line":84,"column":null}},"39":{"start":{"line":85,"column":8},"end":{"line":85,"column":null}},"40":{"start":{"line":87,"column":8},"end":{"line":87,"column":null}},"41":{"start":{"line":88,"column":8},"end":{"line":88,"column":null}},"42":{"start":{"line":89,"column":8},"end":{"line":89,"column":null}},"43":{"start":{"line":90,"column":8},"end":{"line":90,"column":null}},"44":{"start":{"line":93,"column":8},"end":{"line":97,"column":null}},"45":{"start":{"line":99,"column":8},"end":{"line":99,"column":null}},"46":{"start":{"line":100,"column":8},"end":{"line":100,"column":null}},"47":{"start":{"line":102,"column":8},"end":{"line":102,"column":null}},"48":{"start":{"line":103,"column":8},"end":{"line":103,"column":null}},"49":{"start":{"line":104,"column":8},"end":{"line":107,"column":null}},"50":{"start":{"line":108,"column":8},"end":{"line":108,"column":null}},"51":{"start":{"line":111,"column":6},"end":{"line":111,"column":null}},"52":{"start":{"line":112,"column":6},"end":{"line":112,"column":null}},"53":{"start":{"line":113,"column":6},"end":{"line":113,"column":null}},"54":{"start":{"line":115,"column":6},"end":{"line":115,"column":null}},"55":{"start":{"line":116,"column":6},"end":{"line":118,"column":null}},"56":{"start":{"line":120,"column":6},"end":{"line":120,"column":null}},"57":{"start":{"line":128,"column":4},"end":{"line":130,"column":null}},"58":{"start":{"line":129,"column":6},"end":{"line":129,"column":null}},"59":{"start":{"line":132,"column":20},"end":{"line":132,"column":null}},"60":{"start":{"line":133,"column":4},"end":{"line":138,"column":null}},"61":{"start":{"line":134,"column":6},"end":{"line":137,"column":null}},"62":{"start":{"line":140,"column":22},"end":{"line":140,"column":null}},"63":{"start":{"line":141,"column":23},"end":{"line":141,"column":null}},"64":{"start":{"line":143,"column":4},"end":{"line":181,"column":null}},"65":{"start":{"line":144,"column":6},"end":{"line":144,"column":null}},"66":{"start":{"line":145,"column":6},"end":{"line":145,"column":null}},"67":{"start":{"line":147,"column":6},"end":{"line":147,"column":null}},"68":{"start":{"line":148,"column":6},"end":{"line":159,"column":null}},"69":{"start":{"line":161,"column":6},"end":{"line":161,"column":null}},"70":{"start":{"line":162,"column":19},"end":{"line":162,"column":null}},"71":{"start":{"line":164,"column":6},"end":{"line":164,"column":null}},"72":{"start":{"line":165,"column":6},"end":{"line":165,"column":null}},"73":{"start":{"line":166,"column":6},"end":{"line":166,"column":null}},"74":{"start":{"line":168,"column":19},"end":{"line":168,"column":null}},"75":{"start":{"line":169,"column":6},"end":{"line":169,"column":null}},"76":{"start":{"line":171,"column":6},"end":{"line":171,"column":null}},"77":{"start":{"line":173,"column":6},"end":{"line":176,"column":null}},"78":{"start":{"line":174,"column":8},"end":{"line":174,"column":null}},"79":{"start":{"line":175,"column":8},"end":{"line":175,"column":null}},"80":{"start":{"line":178,"column":6},"end":{"line":180,"column":null}},"81":{"start":{"line":185,"column":4},"end":{"line":185,"column":null}},"82":{"start":{"line":189,"column":18},"end":{"line":189,"column":null}},"83":{"start":{"line":190,"column":4},"end":{"line":190,"column":null}}},"fnMap":{"0":{"name":"(anonymous_0)","decl":{"start":{"line":15,"column":9},"end":{"line":15,"column":40}},"loc":{"start":{"line":15,"column":40},"end":{"line":20,"column":null}},"line":15},"1":{"name":"(anonymous_1)","decl":{"start":{"line":22,"column":8},"end":{"line":22,"column":13}},"loc":{"start":{"line":22,"column":63},"end":{"line":122,"column":null}},"line":22},"2":{"name":"(anonymous_2)","decl":{"start":{"line":27,"column":26},"end":{"line":27,"column":37}},"loc":{"start":{"line":27,"column":37},"end":{"line":27,"column":61}},"line":27},"3":{"name":"(anonymous_3)","decl":{"start":{"line":42,"column":28},"end":{"line":42,"column":29}},"loc":{"start":{"line":42,"column":45},"end":{"line":45,"column":7}},"line":42},"4":{"name":"(anonymous_4)","decl":{"start":{"line":51,"column":43},"end":{"line":51,"column":49}},"loc":{"start":{"line":51,"column":49},"end":{"line":57,"column":9}},"line":51},"5":{"name":"(anonymous_5)","decl":{"start":{"line":124,"column":8},"end":{"line":124,"column":null}},"loc":{"start":{"line":127,"column":19},"end":{"line":182,"column":null}},"line":127},"6":{"name":"(anonymous_6)","decl":{"start":{"line":174,"column":54},"end":{"line":174,"column":60}},"loc":{"start":{"line":174,"column":60},"end":{"line":174,"column":62}},"line":174},"7":{"name":"(anonymous_7)","decl":{"start":{"line":175,"column":55},"end":{"line":175,"column":61}},"loc":{"start":{"line":175,"column":61},"end":{"line":175,"column":63}},"line":175},"8":{"name":"(anonymous_8)","decl":{"start":{"line":184,"column":2},"end":{"line":184,"column":22}},"loc":{"start":{"line":184,"column":22},"end":{"line":186,"column":null}},"line":184},"9":{"name":"(anonymous_9)","decl":{"start":{"line":188,"column":10},"end":{"line":188,"column":27}},"loc":{"start":{"line":188,"column":53},"end":{"line":191,"column":null}},"line":188}},"branchMap":{"0":{"loc":{"start":{"line":16,"column":4},"end":{"line":18,"column":null}},"type":"if","locations":[{"start":{"line":16,"column":4},"end":{"line":18,"column":null}},{"start":{},"end":{}}],"line":16},"1":{"loc":{"start":{"line":23,"column":4},"end":{"line":23,"column":null}},"type":"if","locations":[{"start":{"line":23,"column":4},"end":{"line":23,"column":null}},{"start":{},"end":{}}],"line":23},"2":{"loc":{"start":{"line":25,"column":4},"end":{"line":30,"column":null}},"type":"if","locations":[{"start":{"line":25,"column":4},"end":{"line":30,"column":null}},{"start":{},"end":{}}],"line":25},"3":{"loc":{"start":{"line":52,"column":8},"end":{"line":56,"column":null}},"type":"if","locations":[{"start":{"line":52,"column":8},"end":{"line":56,"column":null}},{"start":{},"end":{}}],"line":52},"4":{"loc":{"start":{"line":106,"column":10},"end":{"line":106,"column":null}},"type":"cond-expr","locations":[{"start":{"line":106,"column":35},"end":{"line":106,"column":49}},{"start":{"line":106,"column":49},"end":{"line":106,"column":null}}],"line":106},"5":{"loc":{"start":{"line":117,"column":34},"end":{"line":117,"column":90}},"type":"cond-expr","locations":[{"start":{"line":117,"column":59},"end":{"line":117,"column":75}},{"start":{"line":117,"column":75},"end":{"line":117,"column":90}}],"line":117},"6":{"loc":{"start":{"line":128,"column":4},"end":{"line":130,"column":null}},"type":"if","locations":[{"start":{"line":128,"column":4},"end":{"line":130,"column":null}},{"start":{},"end":{}}],"line":128},"7":{"loc":{"start":{"line":128,"column":8},"end":{"line":128,"column":38}},"type":"binary-expr","locations":[{"start":{"line":128,"column":8},"end":{"line":128,"column":24}},{"start":{"line":128,"column":24},"end":{"line":128,"column":38}}],"line":128},"8":{"loc":{"start":{"line":133,"column":4},"end":{"line":138,"column":null}},"type":"if","locations":[{"start":{"line":133,"column":4},"end":{"line":138,"column":null}},{"start":{},"end":{}}],"line":133},"9":{"loc":{"start":{"line":179,"column":37},"end":{"line":179,"column":93}},"type":"cond-expr","locations":[{"start":{"line":179,"column":62},"end":{"line":179,"column":78}},{"start":{"line":179,"column":78},"end":{"line":179,"column":93}}],"line":179},"10":{"loc":{"start":{"line":190,"column":11},"end":{"line":190,"column":null}},"type":"cond-expr","locations":[{"start":{"line":190,"column":30},"end":{"line":190,"column":56}},{"start":{"line":190,"column":56},"end":{"line":190,"column":null}}],"line":190}},"s":{"0":0,"1":0,"2":0,"3":0,"4":0,"5":0,"6":0,"7":0,"8":0,"9":0,"10":0,"11":0,"12":0,"13":0,"14":0,"15":0,"16":0,"17":0,"18":0,"19":0,"20":0,"21":0,"22":0,"23":0,"24":0,"25":0,"26":0,"27":0,"28":0,"29":0,"30":0,"31":0,"32":0,"33":0,"34":0,"35":0,"36":0,"37":0,"38":0,"39":0,"40":0,"41":0,"42":0,"43":0,"44":0,"45":0,"46":0,"47":0,"48":0,"49":0,"50":0,"51":0,"52":0,"53":0,"54":0,"55":0,"56":0,"57":0,"58":0,"59":0,"60":0,"61":0,"62":0,"63":0,"64":0,"65":0,"66":0,"67":0,"68":0,"69":0,"70":0,"71":0,"72":0,"73":0,"74":0,"75":0,"76":0,"77":0,"78":0,"79":0,"80":0,"81":0,"82":0,"83":0},"f":{"0":0,"1":0,"2":0,"3":0,"4":0,"5":0,"6":0,"7":0,"8":0,"9":0},"b":{"0":[0,0],"1":[0,0],"2":[0,0],"3":[0,0],"4":[0,0],"5":[0,0],"6":[0,0],"7":[0,0],"8":[0,0],"9":[0,0],"10":[0,0]},"meta":{"lastBranch":11,"lastFunction":10,"lastStatement":84,"seen":{"s:10:52:10:Infinity":0,"s:11:34:11:Infinity":1,"s:12:19:12:Infinity":2,"s:13:20:13:Infinity":3,"f:15:9:15:40":0,"b:16:4:18:Infinity:undefined:undefined:undefined:undefined":0,"s:16:4:18:Infinity":4,"s:17:6:17:Infinity":5,"s:19:4:19:Infinity":6,"f:22:8:22:13":1,"b:23:4:23:Infinity:undefined:undefined:undefined:undefined":1,"s:23:4:23:Infinity":7,"s:23:21:23:Infinity":8,"b:25:4:30:Infinity:undefined:undefined:undefined:undefined":2,"s:25:4:30:Infinity":9,"s:26:6:28:Infinity":10,"s:27:8:27:Infinity":11,"f:27:26:27:37":2,"s:27:37:27:61":12,"s:29:6:29:Infinity":13,"s:32:4:32:Infinity":14,"s:34:4:121:Infinity":15,"s:35:6:35:Infinity":16,"s:36:6:39:Infinity":17,"s:40:6:40:Infinity":18,"s:42:6:45:Infinity":19,"f:42:28:42:29":3,"s:43:8:43:Infinity":20,"s:44:8:44:Infinity":21,"s:47:6:47:Infinity":22,"s:50:25:50:Infinity":23,"s:51:31:57:Infinity":24,"f:51:43:51:49":4,"b:52:8:56:Infinity:undefined:undefined:undefined:undefined":3,"s:52:8:56:Infinity":25,"s:53:10:53:Infinity":26,"s:54:10:54:Infinity":27,"s:55:10:55:Infinity":28,"s:59:6:109:Infinity":29,"s:63:10:63:Infinity":30,"s:64:8:64:Infinity":31,"s:66:8:66:Infinity":32,"s:67:24:70:Infinity":33,"s:72:8:72:Infinity":34,"s:73:24:76:Infinity":35,"s:78:8:78:Infinity":36,"s:79:26:82:Infinity":37,"s:84:8:84:Infinity":38,"s:85:8:85:Infinity":39,"s:87:8:87:Infinity":40,"s:88:8:88:Infinity":41,"s:89:8:89:Infinity":42,"s:90:8:90:Infinity":43,"s:93:8:97:Infinity":44,"s:99:8:99:Infinity":45,"s:100:8:100:Infinity":46,"s:102:8:102:Infinity":47,"s:103:8:103:Infinity":48,"s:104:8:107:Infinity":49,"b:106:35:106:49:106:49:106:Infinity":4,"s:108:8:108:Infinity":50,"s:111:6:111:Infinity":51,"s:112:6:112:Infinity":52,"s:113:6:113:Infinity":53,"s:115:6:115:Infinity":54,"s:116:6:118:Infinity":55,"b:117:59:117:75:117:75:117:90":5,"s:120:6:120:Infinity":56,"f:124:8:124:Infinity":5,"b:128:4:130:Infinity:undefined:undefined:undefined:undefined":6,"s:128:4:130:Infinity":57,"b:128:8:128:24:128:24:128:38":7,"s:129:6:129:Infinity":58,"s:132:20:132:Infinity":59,"b:133:4:138:Infinity:undefined:undefined:undefined:undefined":8,"s:133:4:138:Infinity":60,"s:134:6:137:Infinity":61,"s:140:22:140:Infinity":62,"s:141:23:141:Infinity":63,"s:143:4:181:Infinity":64,"s:144:6:144:Infinity":65,"s:145:6:145:Infinity":66,"s:147:6:147:Infinity":67,"s:148:6:159:Infinity":68,"s:161:6:161:Infinity":69,"s:162:19:162:Infinity":70,"s:164:6:164:Infinity":71,"s:165:6:165:Infinity":72,"s:166:6:166:Infinity":73,"s:168:19:168:Infinity":74,"s:169:6:169:Infinity":75,"s:171:6:171:Infinity":76,"s:173:6:176:Infinity":77,"s:174:8:174:Infinity":78,"f:174:54:174:60":6,"s:175:8:175:Infinity":79,"f:175:55:175:61":7,"s:178:6:180:Infinity":80,"b:179:62:179:78:179:78:179:93":9,"f:184:2:184:22":8,"s:185:4:185:Infinity":81,"f:188:10:188:27":9,"s:189:18:189:Infinity":82,"s:190:4:190:Infinity":83,"b:190:30:190:56:190:56:190:Infinity":10}}}
,"C:\\code\\transcript-parser\\src\\services\\geminiClient.ts": {"path":"C:\\code\\transcript-parser\\src\\services\\geminiClient.ts","statementMap":{"0":{"start":{"line":36,"column":4},"end":{"line":36,"column":null}},"1":{"start":{"line":34,"column":20},"end":{"line":34,"column":null}},"2":{"start":{"line":37,"column":4},"end":{"line":37,"column":null}},"3":{"start":{"line":43,"column":4},"end":{"line":43,"column":null}},"4":{"start":{"line":44,"column":4},"end":{"line":44,"column":null}},"5":{"start":{"line":50,"column":4},"end":{"line":50,"column":null}},"6":{"start":{"line":51,"column":4},"end":{"line":51,"column":null}},"7":{"start":{"line":58,"column":27},"end":{"line":58,"column":null}},"8":{"start":{"line":59,"column":36},"end":{"line":59,"column":null}},"9":{"start":{"line":60,"column":33},"end":{"line":60,"column":null}},"10":{"start":{"line":61,"column":33},"end":{"line":61,"column":null}},"11":{"start":{"line":65,"column":17},"end":{"line":65,"column":null}},"12":{"start":{"line":67,"column":4},"end":{"line":83,"column":null}},"13":{"start":{"line":69,"column":6},"end":{"line":82,"column":null}},"14":{"start":{"line":70,"column":23},"end":{"line":70,"column":null}},"15":{"start":{"line":71,"column":8},"end":{"line":79,"column":null}},"16":{"start":{"line":72,"column":25},"end":{"line":72,"column":null}},"17":{"start":{"line":73,"column":10},"end":{"line":78,"column":null}},"18":{"start":{"line":74,"column":12},"end":{"line":74,"column":null}},"19":{"start":{"line":75,"column":10},"end":{"line":78,"column":null}},"20":{"start":{"line":77,"column":12},"end":{"line":77,"column":null}},"21":{"start":{"line":81,"column":8},"end":{"line":81,"column":null}},"22":{"start":{"line":86,"column":4},"end":{"line":88,"column":null}},"23":{"start":{"line":87,"column":6},"end":{"line":87,"column":null}},"24":{"start":{"line":90,"column":4},"end":{"line":95,"column":null}},"25":{"start":{"line":91,"column":6},"end":{"line":94,"column":null}},"26":{"start":{"line":97,"column":4},"end":{"line":97,"column":null}},"27":{"start":{"line":99,"column":4},"end":{"line":99,"column":null}},"28":{"start":{"line":113,"column":4},"end":{"line":115,"column":null}},"29":{"start":{"line":114,"column":6},"end":{"line":114,"column":null}},"30":{"start":{"line":117,"column":4},"end":{"line":117,"column":null}},"31":{"start":{"line":119,"column":4},"end":{"line":128,"column":null}},"32":{"start":{"line":120,"column":6},"end":{"line":125,"column":null}},"33":{"start":{"line":121,"column":8},"end":{"line":124,"column":null}},"34":{"start":{"line":127,"column":6},"end":{"line":127,"column":null}},"35":{"start":{"line":138,"column":4},"end":{"line":303,"column":null}},"36":{"start":{"line":139,"column":6},"end":{"line":139,"column":null}},"37":{"start":{"line":140,"column":6},"end":{"line":140,"column":null}},"38":{"start":{"line":141,"column":6},"end":{"line":141,"column":null}},"39":{"start":{"line":144,"column":6},"end":{"line":144,"column":null}},"40":{"start":{"line":145,"column":26},"end":{"line":145,"column":null}},"41":{"start":{"line":146,"column":6},"end":{"line":146,"column":null}},"42":{"start":{"line":149,"column":21},"end":{"line":171,"column":null}},"43":{"start":{"line":174,"column":23},"end":{"line":190,"column":null}},"44":{"start":{"line":192,"column":19},"end":{"line":192,"column":null}},"45":{"start":{"line":194,"column":6},"end":{"line":199,"column":null}},"46":{"start":{"line":195,"column":8},"end":{"line":198,"column":null}},"47":{"start":{"line":202,"column":28},"end":{"line":202,"column":null}},"48":{"start":{"line":203,"column":6},"end":{"line":219,"column":null}},"4
[...]
09,"column":6},"end":{"line":209,"column":null}},"79":{"start":{"line":213,"column":4},"end":{"line":216,"column":null}},"80":{"start":{"line":214,"column":6},"end":{"line":214,"column":null}},"81":{"start":{"line":215,"column":6},"end":{"line":215,"column":null}},"82":{"start":{"line":221,"column":36},"end":{"line":221,"column":null}}},"fnMap":{"0":{"name":"(anonymous_0)","decl":{"start":{"line":25,"column":2},"end":{"line":25,"column":14}},"loc":{"start":{"line":25,"column":43},"end":{"line":27,"column":null}},"line":25},"1":{"name":"(anonymous_1)","decl":{"start":{"line":32,"column":2},"end":{"line":32,"column":12}},"loc":{"start":{"line":32,"column":43},"end":{"line":56,"column":null}},"line":32},"2":{"name":"(anonymous_2)","decl":{"start":{"line":61,"column":8},"end":{"line":61,"column":null}},"loc":{"start":{"line":64,"column":46},"end":{"line":71,"column":null}},"line":64},"3":{"name":"(anonymous_3)","decl":{"start":{"line":76,"column":2},"end":{"line":76,"column":13}},"loc":{"start":{"line":76,"column":73},"end":{"line":83,"column":null}},"line":76},"4":{"name":"(anonymous_4)","decl":{"start":{"line":88,"column":2},"end":{"line":88,"column":23}},"loc":{"start":{"line":88,"column":54},"end":{"line":97,"column":null}},"line":88},"5":{"name":"(anonymous_5)","decl":{"start":{"line":90,"column":6},"end":{"line":90,"column":11}},"loc":{"start":{"line":90,"column":11},"end":{"line":90,"column":null}},"line":90},"6":{"name":"(anonymous_6)","decl":{"start":{"line":95,"column":42},"end":{"line":95,"column":43}},"loc":{"start":{"line":95,"column":54},"end":{"line":95,"column":74}},"line":95},"7":{"name":"(anonymous_7)","decl":{"start":{"line":102,"column":2},"end":{"line":102,"column":13}},"loc":{"start":{"line":102,"column":58},"end":{"line":104,"column":null}},"line":102},"8":{"name":"(anonymous_8)","decl":{"start":{"line":103,"column":31},"end":{"line":103,"column":36}},"loc":{"start":{"line":103,"column":36},"end":{"line":103,"column":69}},"line":103},"9":{"name":"(anonymous_9)","decl":{"start":{"line":109,"column":2},"end":{"line":109,"column":40}},"loc":{"start":{"line":109,"column":40},"end":{"line":111,"column":null}},"line":109},"10":{"name":"(anonymous_10)","decl":{"start":{"line":116,"column":2},"end":{"line":116,"column":16}},"loc":{"start":{"line":116,"column":16},"end":{"line":119,"column":null}},"line":116},"11":{"name":"(anonymous_11)","decl":{"start":{"line":124,"column":2},"end":{"line":124,"column":41}},"loc":{"start":{"line":124,"column":41},"end":{"line":140,"column":null}},"line":124},"12":{"name":"(anonymous_12)","decl":{"start":{"line":145,"column":2},"end":{"line":145,"column":19}},"loc":{"start":{"line":145,"column":42},"end":{"line":148,"column":null}},"line":145},"13":{"name":"(anonymous_13)","decl":{"start":{"line":153,"column":2},"end":{"line":153,"column":21}},"loc":{"start":{"line":153,"column":21},"end":{"line":180,"column":null}},"line":153},"14":{"name":"(anonymous_14)","decl":{"start":{"line":154,"column":52},"end":{"line":154,"column":57}},"loc":{"start":{"line":154,"column":57},"end":{"line":154,"column":72}},"line":154},"15":{"name":"(anonymous_15)","decl":{"start":{"line":158,"column":27},"end":{"line":158,"column":35}},"loc":{"start":{"line":158,"column":35},"end":{"line":169,"column":5}},"line":158},"16":{"name":"(anonymous_16)","decl":{"start":{"line":161,"column":42},"end":{"line":161,"column":47}},"loc":{"start":{"line":161,"column":47},"end":{"line":161,"column":59}},"line":161},"17":{"name":"(anonymous_17)","decl":{"start":{"line":162,"column":42},"end":{"line":162,"column":47}},"loc":{"start":{"line":162,"column":47},"end":{"line":162,"column":59}},"line":162},"18":{"name":"(anonymous_18)","decl":{"start":{"line":185,"column":2},"end":{"line":185,"column":13}},"loc":{"start":{"line":185,"column":75},"end":{"line":217,"column":null}},"line":185},"19":{"name":"(anonymous_19)","decl":{"start":{"line":190,"column":23},"end":{"line":190,"column":29}},"loc":{"start":{"line":190,"column":29},"end":{"line":203,"column":null}},"line":190},"20":{"name":"(anonymous_20)","decl":{"start":{"line":208,"column":33},"end":{"line":208,"column":39}},"loc":{"start":{"line":208,"column":39},"end":{"line":210,"column":7}},"line":208},"21":{"name":"(anonymous_21)","decl":{"start":{"line":213,"column":11},"end":{"line":213,"column":17}},"loc":{"start":{"line":213,"column":17},"end":{"line":216,"column":null}},"line":213}},"branchMap":{"0":{"loc":{"start":{"line":34,"column":4},"end":{"line":37,"column":null}},"type":"if","locations":[{"start":{"line":34,"column":4},"end":{"line":37,"column":null}},{"start":{},"end":{}}],"line":34},"1":{"loc":{"start":{"line":51,"column":4},"end":{"line":53,"column":null}},"type":"if","locations":[{"start":{"line":51,"column":4},"end":{"line":53,"column":null}},{"start":{},"end":{}}],"line":51},"2":{"loc":{"start":{"line":93,"column":4},"end":{"line":93,"column":null}},"type":"if","locations":[{"start":{"line":93,"column":4},"end":{"line":93,"column":null}},{"start":{},"end":{}}],"line":93},"3":{"loc":{"start":{"line":125,"column":4},"end":{"line":137,"column":null}},"type":"if","locations":[{"start":{"line":125,"column":4},"end":{"line":137,"column":null}},{"start":{},"end":{}}],"line":125},"4":{"loc":{"start":{"line":125,"column":8},"end":{"line":125,"column":55}},"type":"binary-expr","locations":[{"start":{"line":125,"column":8},"end":{"line":125,"column":35}},{"start":{"line":125,"column":35},"end":{"line":125,"column":55}}],"line":125},"5":{"loc":{"start":{"line":172,"column":4},"end":{"line":177,"column":null}},"type":"if","locations":[{"start":{"line":172,"column":4},"end":{"line":177,"column":null}},{"start":{},"end":{}}],"line":172},"6":{"loc":{"start":{"line":185,"column":46},"end":{"line":185,"column":75}},"type":"default-arg","locations":[{"start":{"line":185,"column":57},"end":{"line":185,"column":75}}],"line":185},"7":{"loc":{"start":{"line":195,"column":6},"end":{"line":200,"column":null}},"type":"if","locations":[{"start":{"line":195,"column":6},"end":{"line":200,"column":null}},{"start":{},"end":{}}],"line":195}},"s":{"0":0,"1":0,"2":0,"3":0,"4":0,"5":0,"6":0,"7":0,"8":0,"9":0,"10":0,"11":0,"12":0,"13":0,"14":0,"15":0,"16":0,"17":0,"18":0,"19":0,"20":0,"21":0,"22":0,"23":0,"24":0,"25":0,"26":0,"27":0,"28":0,"29":0,"30":0,"31":0,"32":0,"33":0,"34":0,"35":0,"36":0,"37":0,"38":0,"39":0,"40":0,"41":0,"42":0,"43":0,"44":0,"45":0,"46":0,"47":0,"48":0,"49":0,"50":0,"51":0,"52":0,"53":0,"54":0,"55":0,"56":0,"57":0,"58":0,"59":0,"60":0,"61":0,"62":0,"63":0,"64":0,"65":0,"66":0,"67":0,"68":0,"69":0,"70":0,"71":0,"72":0,"73":0,"74":0,"75":0,"76":0,"77":0,"78":0,"79":0,"80":0,"81":0,"82":0},"f":{"0":0,"1":0,"2":0,"3":0,"4":0,"5":0,"6":0,"7":0,"8":0,"9":0,"10":0,"11":0,"12":0,"13":0,"14":0,"15":0,"16":0,"17":0,"18":0,"19":0,"20":0,"21":0},"b":{"0":[0,0],"1":[0,0],"2":[0,0],"3":[0,0],"4":[0,0],"5":[0,0],"6":[0],"7":[0,0]},"meta":{"lastBranch":8,"lastFunction":22,"lastStatement":83,"seen":{"s:19:42:19:Infinity":0,"s:20:50:20:Infinity":1,"f:25:2:25:14":0,"s:26:4:26:Infinity":2,"f:32:2:32:12":1,"s:33:22:33:Infinity":3,"b:34:4:37:Infinity:undefined:undefined:undefined:undefined":0,"s:34:4:37:Infinity":4,"s:35:6:35:Infinity":5,"s:36:6:36:Infinity":6,"s:39:23:39:Infinity":7,"s:40:4:40:Infinity":8,"s:42:39:46:Infinity":9,"s:48:4:48:Infinity":10,"b:51:4:53:Infinity:undefined:undefined:undefined:undefined":1,"s:51:4:53:Infinity":11,"s:52:6:52:Infinity":12,"s:55:4:55:Infinity":13,"f:61:8:61:Infinity":2,"s:65:18:65:Infinity":14,"s:66:19:66:Infinity":15,"s:67:21:67:Infinity":16,"s:69:4:69:Infinity":17,"s:70:4:70:Infinity":18,"f:76:2:76:13":3,"s:77:18:77:Infinity":19,"s:78:19:78:Infinity":20,"s:79:21:79:Infinity":21,"s:81:4:81:Infinity":22,"s:82:4:82:Infinity":23,"f:88:2:88:23":4,"s:89:29:91:Infinity":24,"f:90:6:90:11":5,"s:90:11:90:Infinity":25,"b:93:4:93:Infinity:undefined:undefined:undefined:undefined":2,"s:93:4:93:Infinity":26,"s:93:39:93:Infinity":27,"s:95:18:95:Infinity":28,"f:95:42:95:43":6,"s:95:54:95:74":29,"s:96:4:96:Infinity":30,"f:102:2:102:13":7,"s:103:4:103:Infinity":31,"f:103:31:103:36":8,"s:103:36:103:69":32,"f:109:2:109:40":9,"s:110:4:110:Infinity":33,"f:116:2:116:16":10,"s:117:4:117:Infinity":34,"s:118:4:118:Infinity":35,"f:124:2:124:41":11,"b:125:4:137:Infinity:undefined:undefined:undefined:undefined":3,"s:125:4:137:Infinity":36,"b:125:8:125:35:125:35:125:55":4,"s:126:21:126:Infinity":37,"s:132:6:136:Infinity":38,"s:139:4:139:Infinity":39,"f:145:2:145:19":12,"s:146:15:146:Infinity":40,"s:147:4:147:Infinity":41,"f:153:2:153:21":13,"s:154:27:154:Infinity":42,"f:154:52:154:57":14,"s:154:57:154:72":43,"s:156:4:156:Infinity":44,"s:158:4:169:Infinity":45,"f:158:27:158:35":15,"s:159:18:159:Infinity":46,"s:160:22:160:Infinity":47,"s:161:18:161:Infinity":48,"f:161:42:161:47":16,"s:161:47:161:59":49,"s:162:18:162:Infinity":50,"f:162:42:162:47":17,"s:162:47:162:59":51,"s:164:6:164:Infinity":52,"s:165:6:165:Infinity":53,"s:166:6:166:Infinity":54,"s:167:6:167:Infinity":55,"s:168:6:168:Infinity":56,"s:171:19:171:Infinity":57,"b:172:4:177:Infinity:undefined:undefined:undefined:undefined":5,"s:172:4:177:Infinity":58,"s:173:6:173:Infinity":59,"s:174:6:174:Infinity":60,"s:175:6:175:Infinity":61,"s:176:6:176:Infinity":62,"s:179:4:179:Infinity":63,"f:185:2:185:13":18,"b:185:57:185:75":6,"s:186:21:186:Infinity":64,"s:187:19:187:Infinity":65,"s:190:23:203:Infinity":66,"f:190:23:190:29":19,"s:191:6:191:Infinity":67,"s:192:26:192:Infinity":68,"s:193:22:193:Infinity":69,"b:195:6:200:Infinity:undefined:undefined:undefined:undefined":7,"s:195:6:200:Infinity":70,"s:196:20:196:Infinity":71,"s:197:8:197:Infinity":72,"s:198:8:198:Infinity":73,"s:199:8:199:Infinity":74,"s:202:6:202:Infinity":75,"s:205:4:205:Infinity":76,"s:208:22:210:Infinity":77,"f:208:33:208:39":20,"s:209:6:209:Infinity":78,"s:213:4:216:Infinity":79,"f:213:11:213:17":21,"s:214:6:214:Infinity":80,"s:215:6:215:Infinity":81,"s:221:36:221:Infinity":82}}}
,"C:\\code\\transcript-parser\\src\\utils\\speakerColors.ts": {"path":"C:\\code\\transcript-parser\\src\\utils\\speakerColors.ts","statementMap":{"0":{"start":{"line":6,"column":30},"end":{"line":13,"column":null}},"1":{"start":{"line":18,"column":61},"end":{"line":28,"column":null}},"2":{"start":{"line":31,"column":59},"end":{"line":38,"column":null}},"3":{"start":{"line":44,"column":2},"end":{"line":44,"column":null}},"4":{"start":{"line":51,"column":2},"end":{"line":51,"column":null}},"5":{"start":{"line":58,"column":2},"end":{"line":58,"column":null}}},"fnMap":{"0":{"name":"getSpeakerColorClasses","decl":{"start":{"line":43,"column":16},"end":{"line":43,"column":39}},"loc":{"start":{"line":43,"column":62},"end":{"line":45,"column":null}},"line":43},"1":{"name":"getSpeakerDotClasses","decl":{"start":{"line":50,"column":16},"end":{"line":50,"column":37}},"loc":{"start":{"line":50,"column":60},"end":{"line":52,"column":null}},"line":50},"2":{"name":"assignSpeakerColor","decl":{"start":{"line":57,"column":16},"end":{"line":57,"column":35}},"loc":{"start":{"line":57,"column":68},"end":{"line":59,"column":null}},"line":57}},"branchMap":{"0":{"loc":{"start":{"line":44,"column":9},"end":{"line":44,"column":null}},"type":"binary-expr","locations":[{"start":{"line":44,"column":9},"end":{"line":44,"column":41}},{"start":{"line":44,"column":41},"end":{"line":44,"column":null}}],"line":44},"1":{"loc":{"start":{"line":51,"column":9},"end":{"line":51,"column":null}},"type":"binary-expr","locations":[{"start":{"line":51,"column":9},"end":{"line":51,"column":39}},{"start":{"line":51,"column":39},"end":{"line":51,"column":null}}],"line":51}},"s":{"0":0,"1":0,"2":0,"3":0,"4":0,"5":0},"f":{"0":0,"1":0,"2":0},"b":{"0":[0,0],"1":[0,0]},"meta":{"lastBranch":2,"lastFunction":3,"lastStatement":6,"seen":{"s:6:30:13:Infinity":0,"s:18:61:28:Infinity":1,"s:31:59:38:Infinity":2,"f:43:16:43:39":0,"s:44:2:44:Infinity":3,"b:44:9:44:41:44:41:44:Infinity":0,"f:50:16:50:37":1,"s:51:2:51:Infinity":4,"b:51:9:51:39:51:39:51:Infinity":1,"f:57:16:57:35":2,"s:58:2:58:Infinity":5}}}
,"C:\\code\\transcript-parser\\src\\utils\\speakerStats.ts": {"path":"C:\\code\\transcript-parser\\src\\utils\\speakerStats.ts","statementMap":{"0":{"start":{"line":18,"column":24},"end":{"line":20,"column":null}},"1":{"start":{"line":19,"column":4},"end":{"line":19,"column":null}},"2":{"start":{"line":23,"column":19},"end":{"line":26,"column":null}},"3":{"start":{"line":28,"column":2},"end":{"line":39,"column":null}},"4":{"start":{"line":29,"column":21},"end":{"line":29,"column":null}},"5":{"start":{"line":30,"column":21},"end":{"line":33,"column":null}},"6":{"start":{"line":35,"column":4},"end":{"line":38,"column":null}},"7":{"start":{"line":42,"column":2},"end":{"line":57,"column":null}},"8":{"start":{"line":44,"column":20},"end":{"line":47,"column":null}},"9":{"start":{"line":49,"column":6},"end":{"line":55,"column":null}},"10":{"start":{"line":57,"column":20},"end":{"line":57,"column":53}},"11":{"start":{"line":64,"column":16},"end":{"line":64,"column":null}},"12":{"start":{"line":65,"column":18},"end":{"line":65,"column":null}},"13":{"start":{"line":66,"column":15},"end":{"line":66,"column":null}},"14":{"start":{"line":68,"column":2},"end":{"line":70,"column":null}},"15":{"start":{"line":69,"column":4},"end":{"line":69,"column":null}},"16":{"start":{"line":71,"column":2},"end":{"line":71,"column":null}}},"fnMap":{"0":{"name":"calculateSpeakerStats","decl":{"start":{"line":13,"column":16},"end":{"line":13,"column":null}},"loc":{"start":{"line":16,"column":18},"end":{"line":58,"column":null}},"line":16},"1":{"name":"(anonymous_1)","decl":{"start":{"line":18,"column":39},"end":{"line":18,"column":40}},"loc":{"start":{"line":18,"column":57},"end":{"line":20,"column":5}},"line":18},"2":{"name":"(anonymous_2)","decl":{"start":{"line":28,"column":18},"end":{"line":28,"column":27}},"loc":{"start":{"line":28,"column":27},"end":{"line":39,"column":3}},"line":28},"3":{"name":"(anonymous_3)","decl":{"start":{"line":43,"column":9},"end":{"line":43,"column":20}},"loc":{"start":{"line":43,"column":20},"end":{"line":56,"column":5}},"line":43},"4":{"name":"(anonymous_4)","decl":{"start":{"line":57,"column":10},"end":{"line":57,"column":11}},"loc":{"start":{"line":57,"column":20},"end":{"line":57,"column":53}},"line":57},"5":{"name":"formatDuration","decl":{"start":{"line":63,"column":16},"end":{"line":63,"column":31}},"loc":{"start":{"line":63,"column":56},"end":{"line":72,"column":null}},"line":63}},"branchMap":{"0":{"loc":{"start":{"line":30,"column":21},"end":{"line":33,"column":null}},"type":"binary-expr","locations":[{"start":{"line":30,"column":21},"end":{"line":30,"column":58}},{"start":{"line":30,"column":58},"end":{"line":33,"column":null}}],"line":30},"1":{"loc":{"start":{"line":44,"column":20},"end":{"line":47,"column":null}},"type":"binary-expr","locations":[{"start":{"line":44,"column":20},"end":{"line":44,"column":48}},{"start":{"line":44,"column":48},"end":{"line":47,"column":null}}],"line":44},"2":{"loc":{"start":{"line":54,"column":10},"end":{"line":54,"column":null}},"type":"cond-expr","locations":[{"start":{"line":54,"column":31},"end":{"line":54,"column":76}},{"start":{"line":54,"column":76},"end":{"line":54,"column":null}}],"line":54},"3":{"loc":{"start":{"line":68,"column":2},"end":{"line":70,"column":null}},"type":"if","locations":[{"start":{"line":68,"column":2},"end":{"line":70,"column":null}},{"start":{},"end":{}}],"line":68}},"s":{"0":0,"1":0,"2":0,"3":0,"4":0,"5":0,"6":0,"7":0,"8":0,"9":0,"10":0,"11":0,"12":0,"13":0,"14":0,"15":0,"16":0},"f":{"0":0,"1":0,"2":0,"3":0,"4":0,"5":0},"b":{"0":[0,0],"1":[0,0],"2":[0,0],"3":[0,0]},"meta":{"lastBranch":4,"lastFunction":6,"lastStatement":17,"seen":{"f:13:16:13:Infinity":0,"s:18:24:20:Infinity":0,"f:18:39:18:40":1,"s:19:4:19:Infinity":1,"s:23:19:26:Infinity":2,"s:28:2:39:Infinity":3,"f:28:18:28:27":2,"s:29:21:29:Infinity":4,"s:30:21:33:Infinity":5,"b:30:21:30:58:30:58:33:Infinity":0,"s:35:4:38:Infinity":6,"s:42:2:57:Infinity":7,"f:43:9:43:20":3,"s:44:20:47:Infinity":8,"b:44:20:44:48:44:48:47:Infinity":1,"s:49:6:55:Infinity":9,"b:54:31:54:76:54:76:54:Infinity":2,"f:57:10:57:11":4,"s:57:20:57:53":10,"f:63:16:63:31":5,"s:64:16:64:Infinity":11,"s:65:18:65:Infinity":12,"s:66:15:66:Infinity":13,"b:68:2:70:Infinity:undefined:undefined:undefined:undefined":3,"s:68:2:70:Infinity":14,"s:69:4:69:Infinity":15,"s:71:2:71:Infinity":16}}}
,"C:\\code\\transcript-parser\\src\\utils\\textHighlight.ts": {"path":"C:\\code\\transcript-parser\\src\\utils\\textHighlight.ts","statementMap":{"0":{"start":{"line":7,"column":2},"end":{"line":7,"column":null}},"1":{"start":{"line":20,"column":2},"end":{"line":22,"column":null}},"2":{"start":{"line":21,"column":4},"end":{"line":21,"column":null}},"3":{"start":{"line":24,"column":23},"end":{"line":24,"column":null}},"4":{"start":{"line":25,"column":16},"end":{"line":25,"column":null}},"5":{"start":{"line":26,"column":16},"end":{"line":26,"column":null}},"6":{"start":{"line":28,"column":2},"end":{"line":33,"column":null}},"7":{"start":{"line":29,"column":20},"end":{"line":29,"column":35}},"8":{"start":{"line":30,"column":18},"end":{"line":33,"column":6}},"9":{"start":{"line":43,"column":2},"end":{"line":45,"column":null}},"10":{"start":{"line":44,"column":4},"end":{"line":44,"column":null}},"11":{"start":{"line":47,"column":23},"end":{"line":47,"column":null}},"12":{"start":{"line":48,"column":16},"end":{"line":48,"column":null}},"13":{"start":{"line":49,"column":18},"end":{"line":49,"column":null}},"14":{"start":{"line":50,"column":2},"end":{"line":50,"column":null}}},"fnMap":{"0":{"name":"escapeRegExp","decl":{"start":{"line":6,"column":16},"end":{"line":6,"column":29}},"loc":{"start":{"line":6,"column":50},"end":{"line":8,"column":null}},"line":6},"1":{"name":"highlightText","decl":{"start":{"line":16,"column":16},"end":{"line":16,"column":null}},"loc":{"start":{"line":19,"column":47},"end":{"line":34,"column":null}},"line":19},"2":{"name":"(anonymous_2)","decl":{"start":{"line":29,"column":12},"end":{"line":29,"column":20}},"loc":{"start":{"line":29,"column":20},"end":{"line":29,"column":35}},"line":29},"3":{"name":"(anonymous_3)","decl":{"start":{"line":30,"column":9},"end":{"line":30,"column":18}},"loc":{"start":{"line":30,"column":18},"end":{"line":33,"column":6}},"line":30},"4":{"name":"countMatches","decl":{"start":{"line":42,"column":16},"end":{"line":42,"column":29}},"loc":{"start":{"line":42,"column":66},"end":{"line":51,"column":null}},"line":42}},"branchMap":{"0":{"loc":{"start":{"line":20,"column":2},"end":{"line":22,"column":null}},"type":"if","locations":[{"start":{"line":20,"column":2},"end":{"line":22,"column":null}},{"start":{},"end":{}}],"line":20},"1":{"loc":{"start":{"line":43,"column":2},"end":{"line":45,"column":null}},"type":"if","locations":[{"start":{"line":43,"column":2},"end":{"line":45,"column":null}},{"start":{},"end":{}}],"line":43},"2":{"loc":{"start":{"line":50,"column":9},"end":{"line":50,"column":null}},"type":"cond-expr","locations":[{"start":{"line":50,"column":19},"end":{"line":50,"column":36}},{"start":{"line":50,"column":36},"end":{"line":50,"column":null}}],"line":50}},"s":{"0":31,"1":12,"2":2,"3":10,"4":10,"5":10,"6":10,"7":30,"8":22,"9":9,"10":2,"11":7,"12":7,"13":7,"14":7},"f":{"0":31,"1":12,"2":30,"3":22,"4":9},"b":{"0":[2,10],"1":[2,7],"2":[6,1]},"meta":{"lastBranch":3,"lastFunction":5,"lastStatement":15,"seen":{"f:6:16:6:29":0,"s:7:2:7:Infinity":0,"f:16:16:16:Infinity":1,"b:20:2:22:Infinity:undefined:undefined:undefined:undefined":0,"s:20:2:22:Infinity":1,"s:21:4:21:Infinity":2,"s:24:23:24:Infinity":3,"s:25:16:25:Infinity":4,"s:26:16:26:Infinity":5,"s:28:2:33:Infinity":6,"f:29:12:29:20":2,"s:29:20:29:35":7,"f:30:9:30:18":3,"s:30:18:33:6":8,"f:42:16:42:29":4,"b:43:2:45:Infinity:undefined:undefined:undefined:undefined":1,"s:43:2:45:Infinity":9,"s:44:4:44:Infinity":10,"s:47:23:47:Infinity":11,"s:48:16:48:Infinity":12,"s:49:18:49:Infinity":13,"s:50:2:50:Infinity":14,"b:50:19:50:36:50:36:50:Infinity":2}}}
}
