{"C:\\code\\transcript-parser\\src\\setupTests.ts": {"path":"C:\\code\\transcript-parser\\src\\setupTests.ts","statementMap":{"0":{"start":{"line":2,"column":0},"end":{"line":2,"column":34}}},"fnMap":{},"branchMap":{},"s":{"0":0},"f":{},"b":{}}
,"C:\\code\\transcript-parser\\src\\components\\Header.tsx": {"path":"C:\\code\\transcript-parser\\src\\components\\Header.tsx","statementMap":{"0":{"start":{"line":3,"column":0},"end":{"line":3,"column":16}},"1":{"start":{"line":1,"column":0},"end":{"line":1,"column":36}},"2":{"start":{"line":4,"column":2},"end":{"line":22,"column":null}}},"fnMap":{"0":{"name":"Header","decl":{"start":{"line":3,"column":16},"end":{"line":3,"column":22}},"loc":{"start":{"line":3,"column":22},"end":{"line":23,"column":1}}}},"branchMap":{},"s":{"0":0,"1":0,"2":0},"f":{"0":0},"b":{}}
,"C:\\code\\transcript-parser\\src\\db\\schema.ts": {"path":"C:\\code\\transcript-parser\\src\\db\\schema.ts","statementMap":{"0":{"start":{"line":1,"column":0},"end":{"line":1,"column":68}},"1":{"start":{"line":4,"column":13},"end":{"line":11,"column":null}},"2":{"start":{"line":10,"column":22},"end":{"line":10,"column":32}}},"fnMap":{"0":{"name":"(anonymous_0)","decl":{"start":{"line":10,"column":16},"end":{"line":10,"column":19}},"loc":{"start":{"line":10,"column":22},"end":{"line":10,"column":32}}}},"branchMap":{},"s":{"0":0,"1":0,"2":0},"f":{"0":0},"b":{}}
,"C:\\code\\transcript-parser\\src\\lib\\utils.ts": {"path":"C:\\code\\transcript-parser\\src\\lib\\utils.ts","statementMap":{"0":{"start":{"line":4,"column":0},"end":{"line":4,"column":16}},"1":{"start":{"line":1,"column":0},"end":{"line":1,"column":44}},"2":{"start":{"line":2,"column":0},"end":{"line":2,"column":40}},"3":{"start":{"line":5,"column":2},"end":{"line":5,"column":null}}},"fnMap":{"0":{"name":"cn","decl":{"start":{"line":4,"column":16},"end":{"line":4,"column":18}},"loc":{"start":{"line":4,"column":42},"end":{"line":6,"column":1}}}},"branchMap":{},"s":{"0":0,"1":0,"2":0,"3":0},"f":{"0":0},"b":{}}
,"C:\\code\\transcript-parser\\src\\utils\\fileUtils.ts": {"path":"C:\\code\\transcript-parser\\src\\utils\\fileUtils.ts","statementMap":{"0":{"start":{"line":32,"column":0},"end":{"line":32,"column":16}},"1":{"start":{"line":47,"column":0},"end":{"line":47,"column":16}},"2":{"start":{"line":70,"column":0},"end":{"line":70,"column":16}},"3":{"start":{"line":94,"column":0},"end":{"line":94,"column":16}},"4":{"start":{"line":5,"column":13},"end":{"line":10,"column":null}},"5":{"start":{"line":12,"column":13},"end":{"line":12,"column":52}},"6":{"start":{"line":33,"column":2},"end":{"line":33,"column":null}},"7":{"start":{"line":33,"column":19},"end":{"line":33,"column":null}},"8":{"start":{"line":35,"column":12},"end":{"line":35,"column":16}},"9":{"start":{"line":36,"column":16},"end":{"line":36,"column":43}},"10":{"start":{"line":37,"column":12},"end":{"line":37,"column":53}},"11":{"start":{"line":39,"column":2},"end":{"line":39,"column":null}},"12":{"start":{"line":48,"column":16},"end":{"line":48,"column":42}},"13":{"start":{"line":49,"column":18},"end":{"line":49,"column":51}},"14":{"start":{"line":50,"column":15},"end":{"line":50,"column":39}},"15":{"start":{"line":52,"column":2},"end":{"line":54,"column":3}},"16":{"start":{"line":53,"column":4},"end":{"line":53,"column":null}},"17":{"start":{"line":55,"column":2},"end":{"line":55,"column":null}},"18":{"start":{"line":62,"column":2},"end":{"line":62,"column":null}},"19":{"start":{"line":71,"column":2},"end":{"line":77,"column":3}},"20":{"start":{"line":72,"column":4},"end":{"line":76,"column":null}},"21":{"start":{"line":79,"column":2},"end":{"line":84,"column":3}},"22":{"start":{"line":80,"column":4},"end":{"line":83,"column":null}},"23":{"start":{"line":86,"column":2},"end":{"line":86,"column":null}},"24":{"start":{"line":95,"column":2},"end":{"line":118,"column":null}},"25":{"start":{"line":96,"column":18},"end":{"line":96,"column":49}},"26":{"start":{"line":97,"column":4},"end":{"line":97,"column":null}},"27":{"start":{"line":99,"column":4},"end":{"line":110,"column":null}},"28":{"start":{"line":101,"column":6},"end":{"line":101,"column":null}},"29":{"start":{"line":103,"column":6},"end":{"line":109,"column":null}},"30":{"start":{"line":112,"column":4},"end":{"line":115,"column":null}},"31":{"start":{"line":113,"column":6},"end":{"line":113,"column":null}},"32":{"start":{"line":114,"column":6},"end":{"line":114,"column":null}},"33":{"start":{"line":117,"column":4},"end":{"line":117,"column":null}}},"fnMap":{"0":{"name":"formatFileSize","decl":{"start":{"line":32,"column":16},"end":{"line":32,"column":30}},"loc":{"start":{"line":32,"column":44},"end":{"line":40,"column":1}}},"1":{"name":"formatDuration","decl":{"start":{"line":47,"column":16},"end":{"line":47,"column":30}},"loc":{"start":{"line":47,"column":46},"end":{"line":56,"column":1}}},"2":{"name":"pad","decl":{"start":{"line":61,"column":9},"end":{"line":61,"column":12}},"loc":{"start":{"line":61,"column":24},"end":{"line":63,"column":1}}},"3":{"name":"validateVideoFile","decl":{"start":{"line":70,"column":16},"end":{"line":70,"column":33}},"loc":{"start":{"line":70,"column":44},"end":{"line":87,"column":1}}},"4":{"name":"extractVideoMetadata","decl":{"start":{"line":94,"column":16},"end":{"line":94,"column":36}},"loc":{"start":{"line":94,"column":47},"end":{"line":119,"column":1}}},"5":{"name":"(anonymous_5)","decl":{"start":{"line":95,"column":21},"end":{"line":95,"column":22}},"loc":{"start":{"line":95,"column":41},"end":{"line":118,"column":3}}},"6":{"name":"(anonymous_6)","decl":{"start":{"line":99,"column":29},"end":{"line":99,"column":32}},"loc":{"start":{"line":99,"column":34},"end":{"line":110,"column":5}}},"7":{"name":"(anonymous_7)","decl":{"start":{"line":112,"column":20},"end":{"line":112,"column":23}},"loc":{"start":{"line":112,"column":25},"end":{"line":115,"column":5}}}},"branchMap":{"0":{"loc":{"start":{"line":33,"column":2},"end":{"line":33,"column":null}},"type":"if","locations":[{"start":{"line":33,"column":2},"end":{"line":33,"column":null}},{"start":{},"end":{}}]},"1":{"loc":{"start":{"line":52,"column":2},"end":{"line":54,"column":3}},"type":"if","locations":[{"start":{"line":52,"column":2},"end":{"line":54,"column":3}},{"start":{},"end":{}}]},"2":{"loc":{"start":{"line":71,"column":2},"end":{"line":77,"column":3}},"type":"if","locations":[{"start":{"line":71,"column":2},"end":{"line":77,"column":3}},{"start":{},"end":{}}]},"3":{"loc":{"start":{"line":79,"column":2},"end":{"line":84,"column":3}},"type":"if","locations":[{"start":{"line":79,"column":2},"end":{"line":84,"column":3}},{"start":{},"end":{}}]}},"s":{"0":1,"1":1,"2":1,"3":1,"4":1,"5":1,"6":10,"7":1,"8":9,"9":9,"10":9,"11":9,"12":8,"13":8,"14":8,"15":8,"16":2,"17":6,"18":10,"19":7,"20":1,"21":6,"22":1,"23":5,"24":0,"25":0,"26":0,"27":0,"28":0,"29":0,"30":0,"31":0,"32":0,"33":0},"f":{"0":10,"1":8,"2":10,"3":7,"4":0,"5":0,"6":0,"7":0},"b":{"0":[1,9],"1":[2,6],"2":[1,6],"3":[1,5]}}
}
