TN:
SF:src\setupTests.ts
FNF:0
FNH:0
DA:2,0
LF:1
LH:0
BRF:0
BRH:0
end_of_record
TN:
SF:src\components\Header.tsx
FN:3,Header
FNF:1
FNH:0
FNDA:0,Header
DA:1,0
DA:3,0
DA:4,0
LF:3
LH:0
BRF:0
BRH:0
end_of_record
TN:
SF:src\db\schema.ts
FN:10,(anonymous_0)
FNF:1
FNH:0
FNDA:0,(anonymous_0)
DA:1,0
DA:4,0
DA:10,0
LF:3
LH:0
BRF:0
BRH:0
end_of_record
TN:
SF:src\lib\utils.ts
FN:4,cn
FNF:1
FNH:0
FNDA:0,cn
DA:1,0
DA:2,0
DA:4,0
DA:5,0
LF:4
LH:0
BRF:0
BRH:0
end_of_record
TN:
SF:src\utils\fileUtils.ts
FN:32,formatFileSize
FN:47,formatDuration
FN:61,pad
FN:70,validateVideoFile
FN:94,extractVideoMetadata
FN:95,(anonymous_5)
FN:99,(anonymous_6)
FN:112,(anonymous_7)
FNF:8
FNH:4
FNDA:10,formatFileSize
FNDA:8,formatDuration
FNDA:10,pad
FNDA:7,validateVideoFile
FNDA:0,extractVideoMetadata
FNDA:0,(anonymous_5)
FNDA:0,(anonymous_6)
FNDA:0,(anonymous_7)
DA:5,1
DA:12,1
DA:32,1
DA:33,10
DA:35,9
DA:36,9
DA:37,9
DA:39,9
DA:47,1
DA:48,8
DA:49,8
DA:50,8
DA:52,8
DA:53,2
DA:55,6
DA:62,10
DA:70,1
DA:71,7
DA:72,1
DA:79,6
DA:80,1
DA:86,5
DA:94,1
DA:95,0
DA:96,0
DA:97,0
DA:99,0
DA:101,0
DA:103,0
DA:112,0
DA:113,0
DA:114,0
DA:117,0
LF:33
LH:23
BRDA:33,0,0,1
BRDA:33,0,1,9
BRDA:52,1,0,2
BRDA:52,1,1,6
BRDA:71,2,0,1
BRDA:71,2,1,6
BRDA:79,3,0,1
BRDA:79,3,1,5
BRF:8
BRH:8
end_of_record
