TN:
SF:src\components\Header.tsx
FN:3,Header
FNF:1
FNH:0
FNDA:0,Header
DA:1,0
DA:3,0
DA:4,0
LF:3
LH:0
BRF:0
BRH:0
end_of_record
TN:
SF:src\components\ui\toast.tsx
FN:26,ToastProvider
FN:30,(anonymous_1)
FN:34,(anonymous_2)
FN:37,(anonymous_3)
FN:45,(anonymous_4)
FN:46,(anonymous_5)
FN:46,(anonymous_6)
FN:57,useToast
FN:65,ToastContainer
FN:76,(anonymous_9)
FN:83,ToastItem
FN:115,(anonymous_11)
FNF:12
FNH:0
FNDA:0,ToastProvider
FNDA:0,(anonymous_1)
FNDA:0,(anonymous_2)
FNDA:0,(anonymous_3)
FNDA:0,(anonymous_4)
FNDA:0,(anonymous_5)
FNDA:0,(anonymous_6)
FNDA:0,useToast
FNDA:0,ToastContainer
FNDA:0,(anonymous_9)
FNDA:0,ToastItem
FNDA:0,(anonymous_11)
DA:1,0
DA:2,0
DA:3,0
DA:24,0
DA:26,0
DA:27,0
DA:29,0
DA:31,0
DA:32,0
DA:34,0
DA:36,0
DA:37,0
DA:38,0
DA:45,0
DA:46,0
DA:49,0
DA:57,0
DA:58,0
DA:59,0
DA:60,0
DA:62,0
DA:72,0
DA:74,0
DA:77,0
DA:90,0
DA:96,0
DA:102,0
DA:104,0
DA:115,0
LF:29
LH:0
BRDA:30,0,0,0
BRDA:30,1,0,0
BRDA:36,2,0,0
BRDA:36,2,1,0
BRDA:59,3,0,0
BRDA:59,3,1,0
BRDA:72,4,0,0
BRDA:72,4,1,0
BRF:8
BRH:0
end_of_record
TN:
SF:src\db\schema.ts
FN:10,(anonymous_0)
FN:18,(anonymous_1)
FN:28,(anonymous_2)
FNF:3
FNH:0
FNDA:0,(anonymous_0)
FNDA:0,(anonymous_1)
FNDA:0,(anonymous_2)
DA:1,0
DA:4,0
DA:10,0
DA:14,0
DA:18,0
DA:28,0
LF:6
LH:0
BRF:0
BRH:0
end_of_record
TN:
SF:src\hooks\useDebounce.ts
FN:9,useDebounce
FN:12,(anonymous_1)
FN:13,(anonymous_2)
FN:17,(anonymous_3)
FNF:4
FNH:4
FNDA:17,useDebounce
FNDA:13,(anonymous_1)
FNDA:5,(anonymous_2)
FNDA:13,(anonymous_3)
DA:1,1
DA:9,1
DA:10,17
DA:12,17
DA:13,13
DA:14,5
DA:17,13
DA:18,13
DA:22,17
LF:9
LH:9
BRDA:9,0,0,0
BRF:1
BRH:0
end_of_record
TN:
SF:src\hooks\useEditHistory.ts
FN:28,useEditHistory
FN:33,(anonymous_1)
FN:39,(anonymous_2)
FN:54,(anonymous_3)
FN:62,(anonymous_4)
FN:66,(anonymous_5)
FN:70,(anonymous_6)
FN:74,(anonymous_7)
FN:78,(anonymous_8)
FN:84,(anonymous_9)
FN:85,(anonymous_10)
FNF:11
FNH:0
FNDA:0,useEditHistory
FNDA:0,(anonymous_1)
FNDA:0,(anonymous_2)
FNDA:0,(anonymous_3)
FNDA:0,(anonymous_4)
FNDA:0,(anonymous_5)
FNDA:0,(anonymous_6)
FNDA:0,(anonymous_7)
FNDA:0,(anonymous_8)
FNDA:0,(anonymous_9)
FNDA:0,(anonymous_10)
DA:1,0
DA:11,0
DA:28,0
DA:29,0
DA:30,0
DA:32,0
DA:34,0
DA:39,0
DA:41,0
DA:44,0
DA:47,0
DA:48,0
DA:51,0
DA:54,0
DA:55,0
DA:56,0
DA:62,0
DA:63,0
DA:65,0
DA:66,0
DA:67,0
DA:70,0
DA:71,0
DA:73,0
DA:74,0
DA:75,0
DA:78,0
DA:79,0
DA:80,0
DA:83,0
DA:85,0
DA:90,0
LF:32
LH:0
BRDA:47,0,0,0
BRDA:47,0,1,0
BRDA:63,1,0,0
BRDA:63,1,1,0
BRDA:71,2,0,0
BRDA:71,2,1,0
BRF:6
BRH:0
end_of_record
TN:
SF:src\hooks\useKeyboardNavigation.ts
FN:22,useKeyboardNavigation
FN:33,(anonymous_1)
FN:38,(anonymous_2)
FN:106,(anonymous_3)
FN:110,(anonymous_4)
FN:116,(anonymous_5)
FNF:6
FNH:0
FNDA:0,useKeyboardNavigation
FNDA:0,(anonymous_1)
FNDA:0,(anonymous_2)
FNDA:0,(anonymous_3)
FNDA:0,(anonymous_4)
FNDA:0,(anonymous_5)
DA:1,0
DA:22,0
DA:29,0
DA:30,0
DA:33,0
DA:34,0
DA:37,0
DA:39,0
DA:41,0
DA:43,0
DA:45,0
DA:46,0
DA:47,0
DA:48,0
DA:49,0
DA:51,0
DA:54,0
DA:55,0
DA:56,0
DA:57,0
DA:58,0
DA:59,0
DA:61,0
DA:62,0
DA:63,0
DA:65,0
DA:68,0
DA:69,0
DA:70,0
DA:71,0
DA:73,0
DA:76,0
DA:77,0
DA:78,0
DA:79,0
DA:80,0
DA:82,0
DA:86,0
DA:87,0
DA:88,0
DA:90,0
DA:93,0
DA:94,0
DA:95,0
DA:96,0
DA:99,0
DA:106,0
DA:107,0
DA:109,0
DA:110,0
DA:111,0
DA:116,0
DA:117,0
DA:118,0
DA:119,0
DA:120,0
DA:124,0
LF:57
LH:0
BRDA:27,0,0,0
BRDA:39,1,0,0
BRDA:39,1,1,0
BRDA:39,2,0,0
BRDA:39,2,1,0
BRDA:43,3,0,0
BRDA:43,3,1,0
BRDA:43,3,2,0
BRDA:43,3,3,0
BRDA:43,3,4,0
BRDA:43,3,5,0
BRDA:43,3,6,0
BRDA:46,4,0,0
BRDA:46,4,1,0
BRDA:49,5,0,0
BRDA:49,5,1,0
BRDA:49,6,0,0
BRDA:49,6,1,0
BRDA:55,7,0,0
BRDA:55,7,1,0
BRDA:58,8,0,0
BRDA:58,8,1,0
BRDA:58,9,0,0
BRDA:58,9,1,0
BRDA:59,10,0,0
BRDA:59,10,1,0
BRDA:59,11,0,0
BRDA:59,11,1,0
BRDA:63,12,0,0
BRDA:63,12,1,0
BRDA:63,13,0,0
BRDA:63,13,1,0
BRDA:69,14,0,0
BRDA:69,14,1,0
BRDA:71,15,0,0
BRDA:71,15,1,0
BRDA:71,16,0,0
BRDA:71,16,1,0
BRDA:77,17,0,0
BRDA:77,17,1,0
BRDA:80,18,0,0
BRDA:80,18,1,0
BRDA:80,19,0,0
BRDA:80,19,1,0
BRDA:86,20,0,0
BRDA:86,20,1,0
BRDA:86,21,0,0
BRDA:86,21,1,0
BRDA:88,22,0,0
BRDA:88,22,1,0
BRDA:88,23,0,0
BRDA:88,23,1,0
BRDA:95,24,0,0
BRDA:95,24,1,0
BRDA:95,25,0,0
BRDA:95,25,1,0
BRDA:107,26,0,0
BRDA:107,26,1,0
BRDA:117,27,0,0
BRDA:117,27,1,0
BRDA:117,28,0,0
BRDA:117,28,1,0
BRDA:119,29,0,0
BRDA:119,29,1,0
BRF:64
BRH:0
end_of_record
TN:
SF:src\lib\utils.ts
FN:4,cn
FNF:1
FNH:0
FNDA:0,cn
DA:1,0
DA:2,0
DA:4,0
DA:5,0
LF:4
LH:0
BRF:0
BRH:0
end_of_record
TN:
SF:src\mocks\browser.ts
FNF:0
FNH:0
DA:5,0
DA:6,0
DA:8,0
LF:3
LH:0
BRF:0
BRH:0
end_of_record
TN:
SF:src\mocks\handlers.ts
FN:85,(anonymous_0)
FN:95,(anonymous_1)
FN:114,(anonymous_2)
FN:133,(anonymous_3)
FN:143,(anonymous_4)
FN:161,(anonymous_5)
FNF:6
FNH:0
FNDA:0,(anonymous_0)
FNDA:0,(anonymous_1)
FNDA:0,(anonymous_2)
FNDA:0,(anonymous_3)
FNDA:0,(anonymous_4)
FNDA:0,(anonymous_5)
DA:6,0
DA:8,0
DA:13,0
DA:55,0
DA:83,0
DA:86,0
DA:93,0
DA:96,0
DA:112,0
DA:115,0
DA:131,0
DA:134,0
DA:141,0
DA:144,0
DA:159,0
DA:162,0
LF:16
LH:0
BRF:0
BRH:0
end_of_record
TN:
SF:src\mocks\server.ts
FNF:0
FNH:0
DA:5,0
DA:6,0
DA:8,0
LF:3
LH:0
BRF:0
BRH:0
end_of_record
TN:
SF:src\services\ffmpegExtractor.ts
FN:9,(anonymous_7)
FN:15,(anonymous_8)
FN:22,(anonymous_9)
FN:27,(anonymous_11)
FN:42,(anonymous_12)
FN:51,(anonymous_13)
FN:124,(anonymous_14)
FN:174,(anonymous_16)
FN:175,(anonymous_17)
FN:184,(anonymous_18)
FN:188,(anonymous_19)
FNF:11
FNH:0
FNDA:0,(anonymous_7)
FNDA:0,(anonymous_8)
FNDA:0,(anonymous_9)
FNDA:0,(anonymous_11)
FNDA:0,(anonymous_12)
FNDA:0,(anonymous_13)
FNDA:0,(anonymous_14)
FNDA:0,(anonymous_16)
FNDA:0,(anonymous_17)
FNDA:0,(anonymous_18)
FNDA:0,(anonymous_19)
DA:1,0
DA:2,0
DA:9,0
DA:10,0
DA:11,0
DA:12,0
DA:13,0
DA:16,0
DA:17,0
DA:19,0
DA:23,0
DA:25,0
DA:26,0
DA:27,0
DA:29,0
DA:32,0
DA:34,0
DA:35,0
DA:36,0
DA:40,0
DA:42,0
DA:43,0
DA:44,0
DA:47,0
DA:50,0
DA:51,0
DA:52,0
DA:53,0
DA:54,0
DA:55,0
DA:59,0
DA:63,0
DA:64,0
DA:66,0
DA:67,0
DA:72,0
DA:73,0
DA:78,0
DA:79,0
DA:84,0
DA:85,0
DA:87,0
DA:88,0
DA:89,0
DA:90,0
DA:93,0
DA:99,0
DA:100,0
DA:102,0
DA:103,0
DA:104,0
DA:108,0
DA:111,0
DA:112,0
DA:113,0
DA:115,0
DA:116,0
DA:120,0
DA:128,0
DA:129,0
DA:132,0
DA:133,0
DA:134,0
DA:140,0
DA:141,0
DA:143,0
DA:144,0
DA:145,0
DA:147,0
DA:148,0
DA:161,0
DA:162,0
DA:164,0
DA:165,0
DA:166,0
DA:168,0
DA:169,0
DA:171,0
DA:173,0
DA:174,0
DA:175,0
DA:178,0
DA:185,0
DA:189,0
DA:190,0
LF:85
LH:0
BRDA:16,0,0,0
BRDA:16,0,1,0
BRDA:23,1,0,0
BRDA:23,1,1,0
BRDA:25,2,0,0
BRDA:25,2,1,0
BRDA:38,3,0,0
BRDA:38,3,1,0
BRDA:38,4,0,0
BRDA:38,4,1,0
BRDA:44,5,0,0
BRDA:44,5,1,0
BRDA:44,6,0,0
BRDA:44,6,1,0
BRDA:44,7,0,0
BRDA:44,7,1,0
BRDA:44,8,0,0
BRDA:44,8,1,0
BRDA:52,9,0,0
BRDA:52,9,1,0
BRDA:54,10,0,0
BRDA:54,10,1,0
BRDA:54,11,0,0
BRDA:54,11,1,0
BRDA:54,12,0,0
BRDA:54,12,1,0
BRDA:54,13,0,0
BRDA:54,13,1,0
BRDA:85,14,0,0
BRDA:85,14,1,0
BRDA:85,15,0,0
BRDA:85,15,1,0
BRDA:85,16,0,0
BRDA:85,16,1,0
BRDA:85,17,0,0
BRDA:85,17,1,0
BRDA:99,18,0,0
BRDA:99,18,1,0
BRDA:99,19,0,0
BRDA:99,19,1,0
BRDA:99,20,0,0
BRDA:99,20,1,0
BRDA:99,21,0,0
BRDA:99,21,1,0
BRDA:106,22,0,0
BRDA:106,22,1,0
BRDA:113,23,0,0
BRDA:113,23,1,0
BRDA:113,24,0,0
BRDA:113,24,1,0
BRDA:113,25,0,0
BRDA:113,25,1,0
BRDA:113,26,0,0
BRDA:113,26,1,0
BRDA:117,27,0,0
BRDA:117,27,1,0
BRDA:128,28,0,0
BRDA:128,28,1,0
BRDA:128,29,0,0
BRDA:128,29,1,0
BRDA:133,30,0,0
BRDA:133,30,1,0
BRDA:179,31,0,0
BRDA:179,31,1,0
BRDA:190,32,0,0
BRDA:190,32,1,0
BRF:66
BRH:0
end_of_record
TN:
SF:src\services\usageTracker.ts
FN:43,calculateCost
FN:67,(anonymous_1)
FN:73,(anonymous_2)
FN:106,(anonymous_3)
FN:150,(anonymous_4)
FN:157,(anonymous_5)
FN:164,(anonymous_6)
FNF:7
FNH:0
FNDA:0,calculateCost
FNDA:0,(anonymous_1)
FNDA:0,(anonymous_2)
FNDA:0,(anonymous_3)
FNDA:0,(anonymous_4)
FNDA:0,(anonymous_5)
FNDA:0,(anonymous_6)
DA:24,0
DA:43,0
DA:49,0
DA:50,0
DA:51,0
DA:52,0
DA:55,0
DA:59,0
DA:61,0
DA:67,0
DA:68,0
DA:74,0
DA:80,0
DA:88,0
DA:89,0
DA:90,0
DA:95,0
DA:113,0
DA:115,0
DA:123,0
DA:124,0
DA:125,0
DA:128,0
DA:129,0
DA:131,0
DA:132,0
DA:133,0
DA:136,0
DA:137,0
DA:139,0
DA:140,0
DA:141,0
DA:144,0
DA:151,0
DA:158,0
DA:170,0
DA:171,0
DA:172,0
DA:174,0
DA:175,0
DA:176,0
DA:177,0
DA:178,0
DA:182,0
DA:192,0
LF:45
LH:0
BRDA:47,0,0,0
BRDA:50,1,0,0
BRDA:50,1,1,0
BRDA:55,2,0,0
BRDA:55,2,1,0
BRDA:55,3,0,0
BRDA:55,3,1,0
BRDA:88,4,0,0
BRDA:88,4,1,0
BRDA:113,5,0,0
BRDA:113,5,1,0
BRDA:128,6,0,0
BRDA:128,6,1,0
BRDA:136,7,0,0
BRDA:136,7,1,0
BRDA:151,8,0,0
BRDA:151,8,1,0
BRF:17
BRH:0
end_of_record
TN:
SF:src\utils\fileUtils.ts
FN:44,formatFileSize
FN:59,formatDuration
FN:75,formatTimestamp
FN:82,pad
FN:89,isAudioFile
FN:98,validateVideoFile
FN:125,extractVideoMetadata
FN:126,(anonymous_7)
FN:132,(anonymous_8)
FN:144,(anonymous_9)
FN:157,(anonymous_10)
FN:169,(anonymous_11)
FNF:12
FNH:4
FNDA:10,formatFileSize
FNDA:8,formatDuration
FNDA:0,formatTimestamp
FNDA:10,pad
FNDA:0,isAudioFile
FNDA:7,validateVideoFile
FNDA:0,extractVideoMetadata
FNDA:0,(anonymous_7)
FNDA:0,(anonymous_8)
FNDA:0,(anonymous_9)
FNDA:0,(anonymous_10)
FNDA:0,(anonymous_11)
DA:5,1
DA:12,1
DA:24,1
DA:44,1
DA:45,10
DA:47,9
DA:48,9
DA:49,9
DA:51,9
DA:59,1
DA:60,8
DA:61,8
DA:62,8
DA:64,8
DA:65,2
DA:67,6
DA:75,1
DA:76,0
DA:83,10
DA:89,1
DA:90,0
DA:98,1
DA:99,7
DA:100,7
DA:102,7
DA:103,1
DA:110,6
DA:111,1
DA:117,5
DA:125,1
DA:126,0
DA:128,0
DA:129,0
DA:130,0
DA:132,0
DA:133,0
DA:135,0
DA:144,0
DA:145,0
DA:146,0
DA:149,0
DA:150,0
DA:154,0
DA:155,0
DA:157,0
DA:158,0
DA:160,0
DA:169,0
DA:170,0
DA:171,0
DA:174,0
LF:51
LH:28
BRDA:45,0,0,1
BRDA:45,0,1,9
BRDA:64,1,0,2
BRDA:64,1,1,6
BRDA:102,2,0,1
BRDA:102,2,1,6
BRDA:102,3,0,7
BRDA:102,3,1,1
BRDA:110,4,0,1
BRDA:110,4,1,5
BRDA:128,5,0,0
BRDA:128,5,1,0
BRF:12
BRH:10
end_of_record
TN:
SF:src\utils\performanceBenchmark.ts
FN:18,(anonymous_7)
FN:25,(anonymous_8)
FN:32,(anonymous_9)
FN:61,(anonymous_10)
FN:76,(anonymous_12)
FN:88,(anonymous_13)
FN:90,(anonymous_14)
FN:95,(anonymous_15)
FN:102,(anonymous_16)
FN:103,(anonymous_17)
FN:109,(anonymous_18)
FN:116,(anonymous_19)
FN:124,(anonymous_20)
FN:145,(anonymous_21)
FN:153,(anonymous_22)
FN:154,(anonymous_23)
FN:158,(anonymous_24)
FN:161,(anonymous_25)
FN:162,(anonymous_26)
FN:185,(anonymous_27)
FN:190,(anonymous_28)
FN:208,(anonymous_29)
FN:213,(anonymous_30)
FNF:23
FNH:0
FNDA:0,(anonymous_7)
FNDA:0,(anonymous_8)
FNDA:0,(anonymous_9)
FNDA:0,(anonymous_10)
FNDA:0,(anonymous_12)
FNDA:0,(anonymous_13)
FNDA:0,(anonymous_14)
FNDA:0,(anonymous_15)
FNDA:0,(anonymous_16)
FNDA:0,(anonymous_17)
FNDA:0,(anonymous_18)
FNDA:0,(anonymous_19)
FNDA:0,(anonymous_20)
FNDA:0,(anonymous_21)
FNDA:0,(anonymous_22)
FNDA:0,(anonymous_23)
FNDA:0,(anonymous_24)
FNDA:0,(anonymous_25)
FNDA:0,(anonymous_26)
FNDA:0,(anonymous_27)
FNDA:0,(anonymous_28)
FNDA:0,(anonymous_29)
FNDA:0,(anonymous_30)
DA:19,0
DA:20,0
DA:26,0
DA:33,0
DA:34,0
DA:35,0
DA:36,0
DA:39,0
DA:40,0
DA:42,0
DA:48,0
DA:51,0
DA:52,0
DA:55,0
DA:65,0
DA:66,0
DA:67,0
DA:69,0
DA:70,0
DA:77,0
DA:78,0
DA:79,0
DA:81,0
DA:82,0
DA:89,0
DA:90,0
DA:93,0
DA:95,0
DA:96,0
DA:103,0
DA:110,0
DA:117,0
DA:118,0
DA:125,0
DA:126,0
DA:132,0
DA:139,0
DA:146,0
DA:147,0
DA:154,0
DA:156,0
DA:158,0
DA:159,0
DA:160,0
DA:161,0
DA:162,0
DA:164,0
DA:165,0
DA:166,0
DA:167,0
DA:168,0
DA:171,0
DA:172,0
DA:173,0
DA:174,0
DA:175,0
DA:176,0
DA:179,0
DA:186,0
DA:187,0
DA:190,0
DA:191,0
DA:192,0
DA:193,0
DA:195,0
DA:196,0
DA:197,0
DA:198,0
DA:199,0
DA:202,0
DA:205,0
DA:208,0
DA:209,0
DA:213,0
DA:214,0
DA:215,0
DA:221,0
DA:224,0
LF:78
LH:0
BRDA:34,0,0,0
BRDA:34,0,1,0
BRDA:51,1,0,0
BRDA:51,1,1,0
BRDA:93,2,0,0
BRDA:93,2,1,0
BRDA:125,3,0,0
BRDA:125,3,1,0
BRDA:125,4,0,0
BRDA:125,4,1,0
BRDA:172,5,0,0
BRDA:172,5,1,0
BRDA:185,6,0,0
BRDA:195,7,0,0
BRDA:195,7,1,0
BRF:15
BRH:0
end_of_record
TN:
SF:src\utils\speakerColors.ts
FN:43,getSpeakerColorClasses
FN:50,getSpeakerDotClasses
FN:57,assignSpeakerColor
FNF:3
FNH:0
FNDA:0,getSpeakerColorClasses
FNDA:0,getSpeakerDotClasses
FNDA:0,assignSpeakerColor
DA:6,0
DA:18,0
DA:31,0
DA:43,0
DA:44,0
DA:50,0
DA:51,0
DA:57,0
DA:58,0
LF:9
LH:0
BRDA:44,0,0,0
BRDA:44,0,1,0
BRDA:51,1,0,0
BRDA:51,1,1,0
BRF:4
BRH:0
end_of_record
TN:
SF:src\utils\textHighlight.ts
FN:6,escapeRegExp
FN:16,highlightText
FN:29,(anonymous_2)
FN:30,(anonymous_3)
FN:42,countMatches
FNF:5
FNH:5
FNDA:31,escapeRegExp
FNDA:12,highlightText
FNDA:30,(anonymous_2)
FNDA:22,(anonymous_3)
FNDA:9,countMatches
DA:6,1
DA:7,31
DA:16,1
DA:20,12
DA:21,2
DA:24,10
DA:25,10
DA:26,10
DA:28,10
DA:29,30
DA:30,22
DA:42,1
DA:43,9
DA:44,2
DA:47,7
DA:48,7
DA:49,7
DA:50,7
LF:18
LH:18
BRDA:20,0,0,2
BRDA:20,0,1,10
BRDA:43,1,0,2
BRDA:43,1,1,7
BRDA:50,2,0,6
BRDA:50,2,1,1
BRF:6
BRH:6
end_of_record
